Analysis & Synthesis report for top_level
Wed Sep 04 23:41:41 2013
Quartus II 32-bit Version 12.0 Build 232 07/05/2012 Service Pack 1 SJ Web Edition


---------------------
; Table of Contents ;
---------------------
  1. Legal Notice
  2. Analysis & Synthesis Summary
  3. Analysis & Synthesis Settings
  4. Parallel Compilation
  5. Analysis & Synthesis Source Files Read
  6. Analysis & Synthesis Resource Usage Summary
  7. Analysis & Synthesis Resource Utilization by Entity
  8. Analysis & Synthesis RAM Summary
  9. Analysis & Synthesis IP Cores Summary
 10. State Machine - |top_level|controle:controlador|proximo_estado
 11. State Machine - |top_level|controle:controlador|estado_atual
 12. User-Specified and Inferred Latches
 13. Registers Removed During Synthesis
 14. Removed Registers Triggering Further Register Optimizations
 15. General Register Statistics
 16. Source assignments for bloco_dados:bloco|ROM:ROM1|altsyncram:altsyncram_component|altsyncram_tm81:auto_generated
 17. Source assignments for bloco_dados:bloco|RAM:RAM1|altsyncram:altsyncram_component|altsyncram_5pa1:auto_generated
 18. Parameter Settings for User Entity Instance: bloco_dados:bloco|ROM:ROM1|altsyncram:altsyncram_component
 19. Parameter Settings for User Entity Instance: bloco_dados:bloco|RAM:RAM1|altsyncram:altsyncram_component
 20. altsyncram Parameter Settings by Entity Instance
 21. Elapsed Time Per Partition
 22. Analysis & Synthesis Messages



----------------
; Legal Notice ;
----------------
Copyright (C) 1991-2012 Altera Corporation
Your use of Altera Corporation's design tools, logic functions 
and other software and tools, and its AMPP partner logic 
functions, and any output files from any of the foregoing 
(including device programming or simulation files), and any 
associated documentation or information are expressly subject 
to the terms and conditions of the Altera Program License 
Subscription Agreement, Altera MegaCore Function License 
Agreement, or other applicable license agreement, including, 
without limitation, that your use is for the sole purpose of 
programming logic devices manufactured by Altera and sold by 
Altera or its authorized distributors.  Please refer to the 
applicable agreement for further details.



+------------------------------------------------------------------------------------+
; Analysis & Synthesis Summary                                                       ;
+------------------------------------+-----------------------------------------------+
; Analysis & Synthesis Status        ; Successful - Wed Sep 04 23:41:41 2013         ;
; Quartus II 32-bit Version          ; 12.0 Build 232 07/05/2012 SP 1 SJ Web Edition ;
; Revision Name                      ; top_level                                     ;
; Top-level Entity Name              ; top_level                                     ;
; Family                             ; Cyclone II                                    ;
; Total logic elements               ; 55                                            ;
;     Total combinational functions  ; 42                                            ;
;     Dedicated logic registers      ; 26                                            ;
; Total registers                    ; 26                                            ;
; Total pins                         ; 58                                            ;
; Total virtual pins                 ; 0                                             ;
; Total memory bits                  ; 4,096                                         ;
; Embedded Multiplier 9-bit elements ; 0                                             ;
; Total PLLs                         ; 0                                             ;
+------------------------------------+-----------------------------------------------+


+----------------------------------------------------------------------------------------------------------------------+
; Analysis & Synthesis Settings                                                                                        ;
+----------------------------------------------------------------------------+--------------------+--------------------+
; Option                                                                     ; Setting            ; Default Value      ;
+----------------------------------------------------------------------------+--------------------+--------------------+
; Device                                                                     ; EP2C35F672C6       ;                    ;
; Top-level entity name                                                      ; top_level          ; top_level          ;
; Family name                                                                ; Cyclone II         ; Cyclone IV GX      ;
; Use smart compilation                                                      ; Off                ; Off                ;
; Enable parallel Assembler and TimeQuest Timing Analyzer during compilation ; On                 ; On                 ;
; Enable compact report table                                                ; Off                ; Off                ;
; Restructure Multiplexers                                                   ; Auto               ; Auto               ;
; Create Debugging Nodes for IP Cores                                        ; Off                ; Off                ;
; Preserve fewer node names                                                  ; On                 ; On                 ;
; Disable OpenCore Plus hardware evaluation                                  ; Off                ; Off                ;
; Verilog Version                                                            ; Verilog_2001       ; Verilog_2001       ;
; VHDL Version                                                               ; VHDL_1993          ; VHDL_1993          ;
; State Machine Processing                                                   ; Auto               ; Auto               ;
; Safe State Machine                                                         ; Off                ; Off                ;
; Extract Verilog State Machines                                             ; On                 ; On                 ;
; Extract VHDL State Machines                                                ; On                 ; On                 ;
; Ignore Verilog initial constructs                                          ; Off                ; Off                ;
; Iteration limit for constant Verilog loops                                 ; 5000               ; 5000               ;
; Iteration limit for non-constant Verilog loops                             ; 250                ; 250                ;
; Add Pass-Through Logic to Inferred RAMs                                    ; On                 ; On                 ;
; Infer RAMs from Raw Logic                                                  ; On                 ; On                 ;
; Parallel Synthesis                                                         ; On                 ; On                 ;
; DSP Block Balancing                                                        ; Auto               ; Auto               ;
; NOT Gate Push-Back                                                         ; On                 ; On                 ;
; Power-Up Don't Care                                                        ; On                 ; On                 ;
; Remove Redundant Logic Cells                                               ; Off                ; Off                ;
; Remove Duplicate Registers                                                 ; On                 ; On                 ;
; Ignore CARRY Buffers                                                       ; Off                ; Off                ;
; Ignore CASCADE Buffers                                                     ; Off                ; Off                ;
; Ignore GLOBAL Buffers                                                      ; Off                ; Off                ;
; Ignore ROW GLOBAL Buffers                                                  ; Off                ; Off                ;
; Ignore LCELL Buffers                                                       ; Off                ; Off                ;
; Ignore SOFT Buffers                                                        ; On                 ; On                 ;
; Limit AHDL Integers to 32 Bits                                             ; Off                ; Off                ;
; Optimization Technique                                                     ; Balanced           ; Balanced           ;
; Carry Chain Length                                                         ; 70                 ; 70                 ;
; Auto Carry Chains                                                          ; On                 ; On                 ;
; Auto Open-Drain Pins                                                       ; On                 ; On                 ;
; Perform WYSIWYG Primitive Resynthesis                                      ; Off                ; Off                ;
; Auto ROM Replacement                                                       ; On                 ; On                 ;
; Auto RAM Replacement                                                       ; On                 ; On                 ;
; Auto Shift Register Replacement                                            ; Auto               ; Auto               ;
; Allow Shift Register Merging across Hierarchies                            ; Auto               ; Auto               ;
; Auto Clock Enable Replacement                                              ; On                 ; On                 ;
; Strict RAM Replacement                                                     ; Off                ; Off                ;
; Allow Synchronous Control Signals                                          ; On                 ; On                 ;
; Force Use of Synchronous Clear Signals                                     ; Off                ; Off                ;
; Auto RAM to Logic Cell Conversion                                          ; Off                ; Off                ;
; Auto Resource Sharing                                                      ; Off                ; Off                ;
; Allow Any RAM Size For Recognition                                         ; Off                ; Off                ;
; Allow Any ROM Size For Recognition                                         ; Off                ; Off                ;
; Allow Any Shift Register Size For Recognition                              ; Off                ; Off                ;
; Use LogicLock Constraints during Resource Balancing                        ; On                 ; On                 ;
; Ignore translate_off and synthesis_off directives                          ; Off                ; Off                ;
; Timing-Driven Synthesis                                                    ; Off                ; Off                ;
; Report Parameter Settings                                                  ; On                 ; On                 ;
; Report Source Assignments                                                  ; On                 ; On                 ;
; Report Connectivity Checks                                                 ; On                 ; On                 ;
; Ignore Maximum Fan-Out Assignments                                         ; Off                ; Off                ;
; Synchronization Register Chain Length                                      ; 2                  ; 2                  ;
; PowerPlay Power Optimization                                               ; Normal compilation ; Normal compilation ;
; HDL message level                                                          ; Level2             ; Level2             ;
; Suppress Register Optimization Related Messages                            ; Off                ; Off                ;
; Number of Removed Registers Reported in Synthesis Report                   ; 5000               ; 5000               ;
; Number of Swept Nodes Reported in Synthesis Report                         ; 5000               ; 5000               ;
; Number of Inverted Registers Reported in Synthesis Report                  ; 100                ; 100                ;
; Clock MUX Protection                                                       ; On                 ; On                 ;
; Auto Gated Clock Conversion                                                ; Off                ; Off                ;
; Block Design Naming                                                        ; Auto               ; Auto               ;
; SDC constraint protection                                                  ; Off                ; Off                ;
; Synthesis Effort                                                           ; Auto               ; Auto               ;
; Shift Register Replacement - Allow Asynchronous Clear Signal               ; On                 ; On                 ;
; Analysis & Synthesis Message Level                                         ; Medium             ; Medium             ;
; Disable Register Merging Across Hierarchies                                ; Auto               ; Auto               ;
; Resource Aware Inference For Block RAM                                     ; On                 ; On                 ;
; Synthesis Seed                                                             ; 1                  ; 1                  ;
+----------------------------------------------------------------------------+--------------------+--------------------+


Parallel compilation was disabled, but you have multiple processors available. Enable parallel compilation to reduce compilation time.
+-------------------------------------+
; Parallel Compilation                ;
+----------------------------+--------+
; Processors                 ; Number ;
+----------------------------+--------+
; Number detected on machine ; 2      ;
; Maximum allowed            ; 1      ;
+----------------------------+--------+


+--------------------------------------------------------------------------------------------------------------------------------------------------------------------------------------------------------------------+
; Analysis & Synthesis Source Files Read                                                                                                                                                                             ;
+----------------------------------+-----------------+----------------------------------------+------------------------------------------------------------------------------------------------------------+---------+
; File Name with User-Entered Path ; Used in Netlist ; File Type                              ; File Name with Absolute Path                                                                               ; Library ;
+----------------------------------+-----------------+----------------------------------------+------------------------------------------------------------------------------------------------------------+---------+
; ../ULA/ULA.vhd                   ; yes             ; User VHDL File                         ; C:/Sites/Dropbox/temporaria/trabalho_microprocessadores/processador_pires/ULA/ULA.vhd                      ;         ;
; ../ROM/ROM.vhd                   ; yes             ; User Wizard-Generated File             ; C:/Sites/Dropbox/temporaria/trabalho_microprocessadores/processador_pires/ROM/ROM.vhd                      ;         ;
; ../registrador/registrador.vhd   ; yes             ; User VHDL File                         ; C:/Sites/Dropbox/temporaria/trabalho_microprocessadores/processador_pires/registrador/registrador.vhd      ;         ;
; ../RAM/RAM.vhd                   ; yes             ; User Wizard-Generated File             ; C:/Sites/Dropbox/temporaria/trabalho_microprocessadores/processador_pires/RAM/RAM.vhd                      ;         ;
; ../Controle/controle.vhd         ; yes             ; User VHDL File                         ; C:/Sites/Dropbox/temporaria/trabalho_microprocessadores/processador_pires/Controle/controle.vhd            ;         ;
; ../Bloco_dados/bloco_dados.vhd   ; yes             ; User VHDL File                         ; C:/Sites/Dropbox/temporaria/trabalho_microprocessadores/processador_pires/Bloco_dados/bloco_dados.vhd      ;         ;
; top_level.vhd                    ; yes             ; User VHDL File                         ; C:/Sites/Dropbox/temporaria/trabalho_microprocessadores/processador_pires/top_level/top_level.vhd          ;         ;
; altsyncram.tdf                   ; yes             ; Megafunction                           ; c:/altera/12.0sp1/quartus/libraries/megafunctions/altsyncram.tdf                                           ;         ;
; stratix_ram_block.inc            ; yes             ; Megafunction                           ; c:/altera/12.0sp1/quartus/libraries/megafunctions/stratix_ram_block.inc                                    ;         ;
; lpm_mux.inc                      ; yes             ; Megafunction                           ; c:/altera/12.0sp1/quartus/libraries/megafunctions/lpm_mux.inc                                              ;         ;
; lpm_decode.inc                   ; yes             ; Megafunction                           ; c:/altera/12.0sp1/quartus/libraries/megafunctions/lpm_decode.inc                                           ;         ;
; aglobal120.inc                   ; yes             ; Megafunction                           ; c:/altera/12.0sp1/quartus/libraries/megafunctions/aglobal120.inc                                           ;         ;
; a_rdenreg.inc                    ; yes             ; Megafunction                           ; c:/altera/12.0sp1/quartus/libraries/megafunctions/a_rdenreg.inc                                            ;         ;
; altrom.inc                       ; yes             ; Megafunction                           ; c:/altera/12.0sp1/quartus/libraries/megafunctions/altrom.inc                                               ;         ;
; altram.inc                       ; yes             ; Megafunction                           ; c:/altera/12.0sp1/quartus/libraries/megafunctions/altram.inc                                               ;         ;
; altdpram.inc                     ; yes             ; Megafunction                           ; c:/altera/12.0sp1/quartus/libraries/megafunctions/altdpram.inc                                             ;         ;
; db/altsyncram_tm81.tdf           ; yes             ; Auto-Generated Megafunction            ; C:/Sites/Dropbox/temporaria/trabalho_microprocessadores/processador_pires/top_level/db/altsyncram_tm81.tdf ;         ;
; rom_mem.mif                      ; yes             ; Auto-Found Memory Initialization File  ; C:/Sites/Dropbox/temporaria/trabalho_microprocessadores/processador_pires/top_level/rom_mem.mif            ;         ;
; db/altsyncram_5pa1.tdf           ; yes             ; Auto-Generated Megafunction            ; C:/Sites/Dropbox/temporaria/trabalho_microprocessadores/processador_pires/top_level/db/altsyncram_5pa1.tdf ;         ;
+----------------------------------+-----------------+----------------------------------------+------------------------------------------------------------------------------------------------------------+---------+


+----------------------------------------------------------+
; Analysis & Synthesis Resource Usage Summary              ;
+---------------------------------------------+------------+
; Resource                                    ; Usage      ;
+---------------------------------------------+------------+
; Estimated Total logic elements              ; 55         ;
;                                             ;            ;
; Total combinational functions               ; 42         ;
; Logic element usage by number of LUT inputs ;            ;
;     -- 4 input functions                    ; 6          ;
;     -- 3 input functions                    ; 18         ;
;     -- <=2 input functions                  ; 18         ;
;                                             ;            ;
; Logic elements by mode                      ;            ;
;     -- normal mode                          ; 35         ;
;     -- arithmetic mode                      ; 7          ;
;                                             ;            ;
; Total registers                             ; 26         ;
;     -- Dedicated logic registers            ; 26         ;
;     -- I/O registers                        ; 0          ;
;                                             ;            ;
; I/O pins                                    ; 58         ;
; Total memory bits                           ; 4096       ;
; Maximum fan-out node                        ; clk_master ;
; Maximum fan-out                             ; 42         ;
; Total fan-out                               ; 388        ;
; Average fan-out                             ; 2.73       ;
+---------------------------------------------+------------+


+--------------------------------------------------------------------------------------------------------------------------------------------------------------------------------------------------------------------------------------------------------------------------------+
; Analysis & Synthesis Resource Utilization by Entity                                                                                                                                                                                                                            ;
+----------------------------------------------+-------------------+--------------+-------------+--------------+---------+-----------+------+--------------+------------------------------------------------------------------------------------------------------+--------------+
; Compilation Hierarchy Node                   ; LC Combinationals ; LC Registers ; Memory Bits ; DSP Elements ; DSP 9x9 ; DSP 18x18 ; Pins ; Virtual Pins ; Full Hierarchy Name                                                                                  ; Library Name ;
+----------------------------------------------+-------------------+--------------+-------------+--------------+---------+-----------+------+--------------+------------------------------------------------------------------------------------------------------+--------------+
; |top_level                                   ; 42 (1)            ; 26 (0)       ; 4096        ; 0            ; 0       ; 0         ; 58   ; 0            ; |top_level                                                                                           ;              ;
;    |bloco_dados:bloco|                       ; 35 (0)            ; 16 (0)       ; 4096        ; 0            ; 0       ; 0         ; 0    ; 0            ; |top_level|bloco_dados:bloco                                                                         ;              ;
;       |RAM:RAM1|                             ; 11 (11)           ; 0 (0)        ; 2048        ; 0            ; 0       ; 0         ; 0    ; 0            ; |top_level|bloco_dados:bloco|RAM:RAM1                                                                ;              ;
;          |altsyncram:altsyncram_component|   ; 0 (0)             ; 0 (0)        ; 2048        ; 0            ; 0       ; 0         ; 0    ; 0            ; |top_level|bloco_dados:bloco|RAM:RAM1|altsyncram:altsyncram_component                                ;              ;
;             |altsyncram_5pa1:auto_generated| ; 0 (0)             ; 0 (0)        ; 2048        ; 0            ; 0       ; 0         ; 0    ; 0            ; |top_level|bloco_dados:bloco|RAM:RAM1|altsyncram:altsyncram_component|altsyncram_5pa1:auto_generated ;              ;
;       |ROM:ROM1|                             ; 0 (0)             ; 0 (0)        ; 2048        ; 0            ; 0       ; 0         ; 0    ; 0            ; |top_level|bloco_dados:bloco|ROM:ROM1                                                                ;              ;
;          |altsyncram:altsyncram_component|   ; 0 (0)             ; 0 (0)        ; 2048        ; 0            ; 0       ; 0         ; 0    ; 0            ; |top_level|bloco_dados:bloco|ROM:ROM1|altsyncram:altsyncram_component                                ;              ;
;             |altsyncram_tm81:auto_generated| ; 0 (0)             ; 0 (0)        ; 2048        ; 0            ; 0       ; 0         ; 0    ; 0            ; |top_level|bloco_dados:bloco|ROM:ROM1|altsyncram:altsyncram_component|altsyncram_tm81:auto_generated ;              ;
;       |ULA:ULA1|                             ; 24 (24)           ; 0 (0)        ; 0           ; 0            ; 0       ; 0         ; 0    ; 0            ; |top_level|bloco_dados:bloco|ULA:ULA1                                                                ;              ;
;       |registrador:RegIR|                    ; 0 (0)             ; 8 (8)        ; 0           ; 0            ; 0       ; 0         ; 0    ; 0            ; |top_level|bloco_dados:bloco|registrador:RegIR                                                       ;              ;
;       |registrador:RegPC|                    ; 0 (0)             ; 8 (8)        ; 0           ; 0            ; 0       ; 0         ; 0    ; 0            ; |top_level|bloco_dados:bloco|registrador:RegPC                                                       ;              ;
;    |controle:controlador|                    ; 6 (6)             ; 10 (10)      ; 0           ; 0            ; 0       ; 0         ; 0    ; 0            ; |top_level|controle:controlador                                                                      ;              ;
+----------------------------------------------+-------------------+--------------+-------------+--------------+---------+-----------+------+--------------+------------------------------------------------------------------------------------------------------+--------------+
Note: For table entries with two numbers listed, the numbers in parentheses indicate the number of resources of the given type used by the specific entity alone. The numbers listed outside of parentheses indicate the total resources of the given type used by the specific entity and all of its sub-entities in the hierarchy.


+------------------------------------------------------------------------------------------------------------------------------------------------------------------------------------------------------------+
; Analysis & Synthesis RAM Summary                                                                                                                                                                           ;
+------------------------------------------------------------------------------------------------------+------+-------------+--------------+--------------+--------------+--------------+------+-------------+
; Name                                                                                                 ; Type ; Mode        ; Port A Depth ; Port A Width ; Port B Depth ; Port B Width ; Size ; MIF         ;
+------------------------------------------------------------------------------------------------------+------+-------------+--------------+--------------+--------------+--------------+------+-------------+
; bloco_dados:bloco|RAM:RAM1|altsyncram:altsyncram_component|altsyncram_5pa1:auto_generated|ALTSYNCRAM ; AUTO ; Single Port ; 256          ; 8            ; --           ; --           ; 2048 ; None        ;
; bloco_dados:bloco|ROM:ROM1|altsyncram:altsyncram_component|altsyncram_tm81:auto_generated|ALTSYNCRAM ; AUTO ; ROM         ; 256          ; 8            ; --           ; --           ; 2048 ; ROM_mem.mif ;
+------------------------------------------------------------------------------------------------------+------+-------------+--------------+--------------+--------------+--------------+------+-------------+


+-----------------------------------------------------------------------------------------------------------------------------------------------------------------------------------------------+
; Analysis & Synthesis IP Cores Summary                                                                                                                                                         ;
+--------+--------------+---------+--------------+--------------+---------------------------------------+---------------------------------------------------------------------------------------+
; Vendor ; IP Core Name ; Version ; Release Date ; License Type ; Entity Instance                       ; IP Include File                                                                       ;
+--------+--------------+---------+--------------+--------------+---------------------------------------+---------------------------------------------------------------------------------------+
; Altera ; RAM: 1-PORT  ; N/A     ; N/A          ; N/A          ; |top_level|bloco_dados:bloco|RAM:RAM1 ; C:/Sites/Dropbox/temporaria/trabalho_microprocessadores/processador_pires/RAM/RAM.vhd ;
; Altera ; ROM: 1-PORT  ; N/A     ; N/A          ; N/A          ; |top_level|bloco_dados:bloco|ROM:ROM1 ; C:/Sites/Dropbox/temporaria/trabalho_microprocessadores/processador_pires/ROM/ROM.vhd ;
+--------+--------------+---------+--------------+--------------+---------------------------------------+---------------------------------------------------------------------------------------+


Encoding Type:  One-Hot
+-------------------------------------------------------------------------------------------------------------------------------------------------------------------------------------------------------------------------------------------------------------------------------------------+
; State Machine - |top_level|controle:controlador|proximo_estado                                                                                                                                                                                                                            ;
+--------------------+--------------------+--------------------+--------------------+-------------------+-------------------+-------------------+-------------------+-------------------+-------------------+-------------------+-------------------+-------------------+-------------------+
; Name               ; proximo_estado.S12 ; proximo_estado.S11 ; proximo_estado.S10 ; proximo_estado.S9 ; proximo_estado.S8 ; proximo_estado.S7 ; proximo_estado.S6 ; proximo_estado.S5 ; proximo_estado.S4 ; proximo_estado.S3 ; proximo_estado.S2 ; proximo_estado.S1 ; proximo_estado.S0 ;
+--------------------+--------------------+--------------------+--------------------+-------------------+-------------------+-------------------+-------------------+-------------------+-------------------+-------------------+-------------------+-------------------+-------------------+
; proximo_estado.S0  ; 0                  ; 0                  ; 0                  ; 0                 ; 0                 ; 0                 ; 0                 ; 0                 ; 0                 ; 0                 ; 0                 ; 0                 ; 0                 ;
; proximo_estado.S1  ; 0                  ; 0                  ; 0                  ; 0                 ; 0                 ; 0                 ; 0                 ; 0                 ; 0                 ; 0                 ; 0                 ; 1                 ; 1                 ;
; proximo_estado.S2  ; 0                  ; 0                  ; 0                  ; 0                 ; 0                 ; 0                 ; 0                 ; 0                 ; 0                 ; 0                 ; 1                 ; 0                 ; 1                 ;
; proximo_estado.S3  ; 0                  ; 0                  ; 0                  ; 0                 ; 0                 ; 0                 ; 0                 ; 0                 ; 0                 ; 1                 ; 0                 ; 0                 ; 1                 ;
; proximo_estado.S4  ; 0                  ; 0                  ; 0                  ; 0                 ; 0                 ; 0                 ; 0                 ; 0                 ; 1                 ; 0                 ; 0                 ; 0                 ; 1                 ;
; proximo_estado.S5  ; 0                  ; 0                  ; 0                  ; 0                 ; 0                 ; 0                 ; 0                 ; 1                 ; 0                 ; 0                 ; 0                 ; 0                 ; 1                 ;
; proximo_estado.S6  ; 0                  ; 0                  ; 0                  ; 0                 ; 0                 ; 0                 ; 1                 ; 0                 ; 0                 ; 0                 ; 0                 ; 0                 ; 1                 ;
; proximo_estado.S7  ; 0                  ; 0                  ; 0                  ; 0                 ; 0                 ; 1                 ; 0                 ; 0                 ; 0                 ; 0                 ; 0                 ; 0                 ; 1                 ;
; proximo_estado.S8  ; 0                  ; 0                  ; 0                  ; 0                 ; 1                 ; 0                 ; 0                 ; 0                 ; 0                 ; 0                 ; 0                 ; 0                 ; 1                 ;
; proximo_estado.S9  ; 0                  ; 0                  ; 0                  ; 1                 ; 0                 ; 0                 ; 0                 ; 0                 ; 0                 ; 0                 ; 0                 ; 0                 ; 1                 ;
; proximo_estado.S10 ; 0                  ; 0                  ; 1                  ; 0                 ; 0                 ; 0                 ; 0                 ; 0                 ; 0                 ; 0                 ; 0                 ; 0                 ; 1                 ;
; proximo_estado.S11 ; 0                  ; 1                  ; 0                  ; 0                 ; 0                 ; 0                 ; 0                 ; 0                 ; 0                 ; 0                 ; 0                 ; 0                 ; 1                 ;
; proximo_estado.S12 ; 1                  ; 0                  ; 0                  ; 0                 ; 0                 ; 0                 ; 0                 ; 0                 ; 0                 ; 0                 ; 0                 ; 0                 ; 1                 ;
+--------------------+--------------------+--------------------+--------------------+-------------------+-------------------+-------------------+-------------------+-------------------+-------------------+-------------------+-------------------+-------------------+-------------------+


Encoding Type:  One-Hot
+---------------------------------------------------------------------------------------------------------------------------------------------------------------------------------------------------------------------------------------------------------------+
; State Machine - |top_level|controle:controlador|estado_atual                                                                                                                                                                                                  ;
+------------------+------------------+------------------+------------------+-----------------+-----------------+-----------------+-----------------+-----------------+-----------------+-----------------+-----------------+-----------------+-----------------+
; Name             ; estado_atual.S12 ; estado_atual.S11 ; estado_atual.S10 ; estado_atual.S9 ; estado_atual.S8 ; estado_atual.S7 ; estado_atual.S6 ; estado_atual.S5 ; estado_atual.S4 ; estado_atual.S3 ; estado_atual.S2 ; estado_atual.S1 ; estado_atual.S0 ;
+------------------+------------------+------------------+------------------+-----------------+-----------------+-----------------+-----------------+-----------------+-----------------+-----------------+-----------------+-----------------+-----------------+
; estado_atual.S0  ; 0                ; 0                ; 0                ; 0               ; 0               ; 0               ; 0               ; 0               ; 0               ; 0               ; 0               ; 0               ; 0               ;
; estado_atual.S1  ; 0                ; 0                ; 0                ; 0               ; 0               ; 0               ; 0               ; 0               ; 0               ; 0               ; 0               ; 1               ; 1               ;
; estado_atual.S2  ; 0                ; 0                ; 0                ; 0               ; 0               ; 0               ; 0               ; 0               ; 0               ; 0               ; 1               ; 0               ; 1               ;
; estado_atual.S3  ; 0                ; 0                ; 0                ; 0               ; 0               ; 0               ; 0               ; 0               ; 0               ; 1               ; 0               ; 0               ; 1               ;
; estado_atual.S4  ; 0                ; 0                ; 0                ; 0               ; 0               ; 0               ; 0               ; 0               ; 1               ; 0               ; 0               ; 0               ; 1               ;
; estado_atual.S5  ; 0                ; 0                ; 0                ; 0               ; 0               ; 0               ; 0               ; 1               ; 0               ; 0               ; 0               ; 0               ; 1               ;
; estado_atual.S6  ; 0                ; 0                ; 0                ; 0               ; 0               ; 0               ; 1               ; 0               ; 0               ; 0               ; 0               ; 0               ; 1               ;
; estado_atual.S7  ; 0                ; 0                ; 0                ; 0               ; 0               ; 1               ; 0               ; 0               ; 0               ; 0               ; 0               ; 0               ; 1               ;
; estado_atual.S8  ; 0                ; 0                ; 0                ; 0               ; 1               ; 0               ; 0               ; 0               ; 0               ; 0               ; 0               ; 0               ; 1               ;
; estado_atual.S9  ; 0                ; 0                ; 0                ; 1               ; 0               ; 0               ; 0               ; 0               ; 0               ; 0               ; 0               ; 0               ; 1               ;
; estado_atual.S10 ; 0                ; 0                ; 1                ; 0               ; 0               ; 0               ; 0               ; 0               ; 0               ; 0               ; 0               ; 0               ; 1               ;
; estado_atual.S11 ; 0                ; 1                ; 0                ; 0               ; 0               ; 0               ; 0               ; 0               ; 0               ; 0               ; 0               ; 0               ; 1               ;
; estado_atual.S12 ; 1                ; 0                ; 0                ; 0               ; 0               ; 0               ; 0               ; 0               ; 0               ; 0               ; 0               ; 0               ; 1               ;
+------------------+------------------+------------------+------------------+-----------------+-----------------+-----------------+-----------------+-----------------+-----------------+-----------------+-----------------+-----------------+-----------------+


+----------------------------------------------------------------------------------------------------------------------+
; User-Specified and Inferred Latches                                                                                  ;
+-----------------------------------------------------+---------------------------------------+------------------------+
; Latch Name                                          ; Latch Enable Signal                   ; Free of Timing Hazards ;
+-----------------------------------------------------+---------------------------------------+------------------------+
; bloco_dados:bloco|RAM:RAM1|RAM_OUT[0]               ; bloco_dados:bloco|RAM:RAM1|RAM_OUT[7] ; yes                    ;
; bloco_dados:bloco|RAM:RAM1|RAM_OUT[1]               ; bloco_dados:bloco|RAM:RAM1|RAM_OUT[7] ; yes                    ;
; bloco_dados:bloco|RAM:RAM1|RAM_OUT[2]               ; bloco_dados:bloco|RAM:RAM1|RAM_OUT[7] ; yes                    ;
; bloco_dados:bloco|RAM:RAM1|RAM_OUT[3]               ; bloco_dados:bloco|RAM:RAM1|RAM_OUT[7] ; yes                    ;
; bloco_dados:bloco|RAM:RAM1|RAM_OUT[4]               ; bloco_dados:bloco|RAM:RAM1|RAM_OUT[7] ; yes                    ;
; bloco_dados:bloco|RAM:RAM1|RAM_OUT[5]               ; bloco_dados:bloco|RAM:RAM1|RAM_OUT[7] ; yes                    ;
; bloco_dados:bloco|RAM:RAM1|RAM_OUT[6]               ; bloco_dados:bloco|RAM:RAM1|RAM_OUT[7] ; yes                    ;
; bloco_dados:bloco|RAM:RAM1|RAM_OUT[7]               ; bloco_dados:bloco|RAM:RAM1|RAM_OUT[7] ; yes                    ;
; bloco_dados:bloco|ULA:ULA1|saida[0]                 ; controle:controlador|PC_en            ; yes                    ;
; bloco_dados:bloco|ULA:ULA1|saida[1]                 ; controle:controlador|PC_en            ; yes                    ;
; bloco_dados:bloco|ULA:ULA1|saida[2]                 ; controle:controlador|PC_en            ; yes                    ;
; bloco_dados:bloco|ULA:ULA1|saida[3]                 ; controle:controlador|PC_en            ; yes                    ;
; bloco_dados:bloco|ULA:ULA1|saida[4]                 ; controle:controlador|PC_en            ; yes                    ;
; bloco_dados:bloco|ULA:ULA1|saida[5]                 ; controle:controlador|PC_en            ; yes                    ;
; bloco_dados:bloco|ULA:ULA1|saida[6]                 ; controle:controlador|PC_en            ; yes                    ;
; bloco_dados:bloco|ULA:ULA1|saida[7]                 ; controle:controlador|PC_en            ; yes                    ;
; bloco_dados:bloco|ULA:ULA1|temp[0]                  ; VCC                                   ; yes                    ;
; bloco_dados:bloco|ULA:ULA1|temp[1]                  ; VCC                                   ; yes                    ;
; bloco_dados:bloco|ULA:ULA1|temp[2]                  ; VCC                                   ; yes                    ;
; bloco_dados:bloco|ULA:ULA1|temp[3]                  ; VCC                                   ; yes                    ;
; bloco_dados:bloco|ULA:ULA1|temp[4]                  ; VCC                                   ; yes                    ;
; bloco_dados:bloco|ULA:ULA1|temp[5]                  ; VCC                                   ; yes                    ;
; bloco_dados:bloco|ULA:ULA1|temp[6]                  ; VCC                                   ; yes                    ;
; bloco_dados:bloco|ULA:ULA1|temp[7]                  ; VCC                                   ; yes                    ;
; Number of user-specified and inferred latches = 24  ;                                       ;                        ;
+-----------------------------------------------------+---------------------------------------+------------------------+
Note: All latches listed above may not be present at the end of synthesis due to various synthesis optimizations.


+----------------------------------------------------------------------------------------------+
; Registers Removed During Synthesis                                                           ;
+-----------------------------------------------+----------------------------------------------+
; Register name                                 ; Reason for Removal                           ;
+-----------------------------------------------+----------------------------------------------+
; controle:controlador|DEBUG[2..7]              ; Stuck at GND due to stuck port data_in       ;
; controle:controlador|A_en                     ; Stuck at GND due to stuck port data_in       ;
; controle:controlador|A_sel[0,1]               ; Stuck at GND due to stuck port data_in       ;
; controle:controlador|B_en                     ; Stuck at GND due to stuck port data_in       ;
; controle:controlador|Buss_C_ctrl              ; Stuck at GND due to stuck port data_in       ;
; controle:controlador|Buss_D_ctrl              ; Stuck at GND due to stuck port data_in       ;
; controle:controlador|mRam_en                  ; Stuck at GND due to stuck port data_in       ;
; controle:controlador|ULA_ctrl[0,3]            ; Stuck at GND due to stuck port data_in       ;
; bloco_dados:bloco|registrador:RegB|temp[0..7] ; Stuck at GND due to stuck port clock_enable  ;
; bloco_dados:bloco|registrador:RegA|temp[0..7] ; Stuck at GND due to stuck port clock_enable  ;
; controle:controlador|mRom_en                  ; Merged with controle:controlador|ULA_en      ;
; controle:controlador|ULA_en                   ; Merged with controle:controlador|IR_en       ;
; controle:controlador|IR_en                    ; Merged with controle:controlador|PC_en       ;
; controle:controlador|ULA_ctrl[2]              ; Merged with controle:controlador|ULA_ctrl[1] ;
; controle:controlador|estado_atual.S4          ; Lost fanout                                  ;
; controle:controlador|estado_atual.S5          ; Lost fanout                                  ;
; controle:controlador|estado_atual.S6          ; Lost fanout                                  ;
; controle:controlador|estado_atual.S7          ; Lost fanout                                  ;
; controle:controlador|estado_atual.S8          ; Lost fanout                                  ;
; controle:controlador|estado_atual.S9          ; Lost fanout                                  ;
; controle:controlador|estado_atual.S10         ; Lost fanout                                  ;
; controle:controlador|estado_atual.S11         ; Lost fanout                                  ;
; controle:controlador|estado_atual.S12         ; Lost fanout                                  ;
; controle:controlador|proximo_estado.S4        ; Lost fanout                                  ;
; controle:controlador|proximo_estado.S5        ; Lost fanout                                  ;
; controle:controlador|proximo_estado.S6        ; Lost fanout                                  ;
; controle:controlador|proximo_estado.S7        ; Lost fanout                                  ;
; controle:controlador|proximo_estado.S8        ; Lost fanout                                  ;
; controle:controlador|proximo_estado.S9        ; Lost fanout                                  ;
; controle:controlador|proximo_estado.S10       ; Lost fanout                                  ;
; controle:controlador|proximo_estado.S11       ; Lost fanout                                  ;
; controle:controlador|proximo_estado.S12       ; Lost fanout                                  ;
; controle:controlador|proximo_estado.S3        ; Stuck at GND due to stuck port data_in       ;
; controle:controlador|estado_atual.S3          ; Stuck at GND due to stuck port data_in       ;
; Total Number of Removed Registers = 55        ;                                              ;
+-----------------------------------------------+----------------------------------------------+


+------------------------------------------------------------------------------------------------------------------+
; Removed Registers Triggering Further Register Optimizations                                                      ;
+----------------------------------------+---------------------------+---------------------------------------------+
; Register name                          ; Reason for Removal        ; Registers Removed due to This Register      ;
+----------------------------------------+---------------------------+---------------------------------------------+
; controle:controlador|A_en              ; Stuck at GND              ; bloco_dados:bloco|registrador:RegA|temp[7], ;
;                                        ; due to stuck port data_in ; bloco_dados:bloco|registrador:RegA|temp[6], ;
;                                        ;                           ; bloco_dados:bloco|registrador:RegA|temp[5], ;
;                                        ;                           ; bloco_dados:bloco|registrador:RegA|temp[4], ;
;                                        ;                           ; bloco_dados:bloco|registrador:RegA|temp[3], ;
;                                        ;                           ; bloco_dados:bloco|registrador:RegA|temp[2], ;
;                                        ;                           ; bloco_dados:bloco|registrador:RegA|temp[1], ;
;                                        ;                           ; bloco_dados:bloco|registrador:RegA|temp[0]  ;
; controle:controlador|B_en              ; Stuck at GND              ; bloco_dados:bloco|registrador:RegB|temp[7], ;
;                                        ; due to stuck port data_in ; bloco_dados:bloco|registrador:RegB|temp[6], ;
;                                        ;                           ; bloco_dados:bloco|registrador:RegB|temp[5], ;
;                                        ;                           ; bloco_dados:bloco|registrador:RegB|temp[4], ;
;                                        ;                           ; bloco_dados:bloco|registrador:RegB|temp[3], ;
;                                        ;                           ; bloco_dados:bloco|registrador:RegB|temp[2], ;
;                                        ;                           ; bloco_dados:bloco|registrador:RegB|temp[1], ;
;                                        ;                           ; bloco_dados:bloco|registrador:RegB|temp[0]  ;
; controle:controlador|Buss_C_ctrl       ; Stuck at GND              ; controle:controlador|ULA_ctrl[3]            ;
;                                        ; due to stuck port data_in ;                                             ;
; controle:controlador|estado_atual.S4   ; Lost Fanouts              ; controle:controlador|proximo_estado.S4      ;
; controle:controlador|estado_atual.S5   ; Lost Fanouts              ; controle:controlador|proximo_estado.S5      ;
; controle:controlador|estado_atual.S6   ; Lost Fanouts              ; controle:controlador|proximo_estado.S6      ;
; controle:controlador|estado_atual.S7   ; Lost Fanouts              ; controle:controlador|proximo_estado.S7      ;
; controle:controlador|estado_atual.S8   ; Lost Fanouts              ; controle:controlador|proximo_estado.S8      ;
; controle:controlador|estado_atual.S9   ; Lost Fanouts              ; controle:controlador|proximo_estado.S9      ;
; controle:controlador|estado_atual.S10  ; Lost Fanouts              ; controle:controlador|proximo_estado.S10     ;
; controle:controlador|estado_atual.S11  ; Lost Fanouts              ; controle:controlador|proximo_estado.S11     ;
; controle:controlador|estado_atual.S12  ; Lost Fanouts              ; controle:controlador|proximo_estado.S12     ;
; controle:controlador|proximo_estado.S3 ; Stuck at GND              ; controle:controlador|estado_atual.S3        ;
;                                        ; due to stuck port data_in ;                                             ;
+----------------------------------------+---------------------------+---------------------------------------------+


+------------------------------------------------------+
; General Register Statistics                          ;
+----------------------------------------------+-------+
; Statistic                                    ; Value ;
+----------------------------------------------+-------+
; Total registers                              ; 26    ;
; Number of registers using Synchronous Clear  ; 0     ;
; Number of registers using Synchronous Load   ; 0     ;
; Number of registers using Asynchronous Clear ; 21    ;
; Number of registers using Asynchronous Load  ; 0     ;
; Number of registers using Clock Enable       ; 18    ;
; Number of registers using Preset             ; 0     ;
+----------------------------------------------+-------+


+------------------------------------------------------------------------------------------------------------------+
; Source assignments for bloco_dados:bloco|ROM:ROM1|altsyncram:altsyncram_component|altsyncram_tm81:auto_generated ;
+---------------------------------+--------------------+------+----------------------------------------------------+
; Assignment                      ; Value              ; From ; To                                                 ;
+---------------------------------+--------------------+------+----------------------------------------------------+
; OPTIMIZE_POWER_DURING_SYNTHESIS ; NORMAL_COMPILATION ; -    ; -                                                  ;
+---------------------------------+--------------------+------+----------------------------------------------------+


+------------------------------------------------------------------------------------------------------------------+
; Source assignments for bloco_dados:bloco|RAM:RAM1|altsyncram:altsyncram_component|altsyncram_5pa1:auto_generated ;
+---------------------------------+--------------------+------+----------------------------------------------------+
; Assignment                      ; Value              ; From ; To                                                 ;
+---------------------------------+--------------------+------+----------------------------------------------------+
; OPTIMIZE_POWER_DURING_SYNTHESIS ; NORMAL_COMPILATION ; -    ; -                                                  ;
+---------------------------------+--------------------+------+----------------------------------------------------+


+---------------------------------------------------------------------------------------------------------+
; Parameter Settings for User Entity Instance: bloco_dados:bloco|ROM:ROM1|altsyncram:altsyncram_component ;
+------------------------------------+----------------------+---------------------------------------------+
; Parameter Name                     ; Value                ; Type                                        ;
+------------------------------------+----------------------+---------------------------------------------+
; BYTE_SIZE_BLOCK                    ; 8                    ; Untyped                                     ;
; AUTO_CARRY_CHAINS                  ; ON                   ; AUTO_CARRY                                  ;
; IGNORE_CARRY_BUFFERS               ; OFF                  ; IGNORE_CARRY                                ;
; AUTO_CASCADE_CHAINS                ; ON                   ; AUTO_CASCADE                                ;
; IGNORE_CASCADE_BUFFERS             ; OFF                  ; IGNORE_CASCADE                              ;
; WIDTH_BYTEENA                      ; 1                    ; Untyped                                     ;
; OPERATION_MODE                     ; ROM                  ; Untyped                                     ;
; WIDTH_A                            ; 8                    ; Signed Integer                              ;
; WIDTHAD_A                          ; 8                    ; Signed Integer                              ;
; NUMWORDS_A                         ; 256                  ; Signed Integer                              ;
; OUTDATA_REG_A                      ; UNREGISTERED         ; Untyped                                     ;
; ADDRESS_ACLR_A                     ; NONE                 ; Untyped                                     ;
; OUTDATA_ACLR_A                     ; NONE                 ; Untyped                                     ;
; WRCONTROL_ACLR_A                   ; NONE                 ; Untyped                                     ;
; INDATA_ACLR_A                      ; NONE                 ; Untyped                                     ;
; BYTEENA_ACLR_A                     ; NONE                 ; Untyped                                     ;
; WIDTH_B                            ; 1                    ; Untyped                                     ;
; WIDTHAD_B                          ; 1                    ; Untyped                                     ;
; NUMWORDS_B                         ; 1                    ; Untyped                                     ;
; INDATA_REG_B                       ; CLOCK1               ; Untyped                                     ;
; WRCONTROL_WRADDRESS_REG_B          ; CLOCK1               ; Untyped                                     ;
; RDCONTROL_REG_B                    ; CLOCK1               ; Untyped                                     ;
; ADDRESS_REG_B                      ; CLOCK1               ; Untyped                                     ;
; OUTDATA_REG_B                      ; UNREGISTERED         ; Untyped                                     ;
; BYTEENA_REG_B                      ; CLOCK1               ; Untyped                                     ;
; INDATA_ACLR_B                      ; NONE                 ; Untyped                                     ;
; WRCONTROL_ACLR_B                   ; NONE                 ; Untyped                                     ;
; ADDRESS_ACLR_B                     ; NONE                 ; Untyped                                     ;
; OUTDATA_ACLR_B                     ; NONE                 ; Untyped                                     ;
; RDCONTROL_ACLR_B                   ; NONE                 ; Untyped                                     ;
; BYTEENA_ACLR_B                     ; NONE                 ; Untyped                                     ;
; WIDTH_BYTEENA_A                    ; 1                    ; Signed Integer                              ;
; WIDTH_BYTEENA_B                    ; 1                    ; Untyped                                     ;
; RAM_BLOCK_TYPE                     ; AUTO                 ; Untyped                                     ;
; BYTE_SIZE                          ; 8                    ; Untyped                                     ;
; READ_DURING_WRITE_MODE_MIXED_PORTS ; DONT_CARE            ; Untyped                                     ;
; READ_DURING_WRITE_MODE_PORT_A      ; NEW_DATA_NO_NBE_READ ; Untyped                                     ;
; READ_DURING_WRITE_MODE_PORT_B      ; NEW_DATA_NO_NBE_READ ; Untyped                                     ;
; INIT_FILE                          ; ROM_mem.mif          ; Untyped                                     ;
; INIT_FILE_LAYOUT                   ; PORT_A               ; Untyped                                     ;
; MAXIMUM_DEPTH                      ; 0                    ; Untyped                                     ;
; CLOCK_ENABLE_INPUT_A               ; NORMAL               ; Untyped                                     ;
; CLOCK_ENABLE_INPUT_B               ; NORMAL               ; Untyped                                     ;
; CLOCK_ENABLE_OUTPUT_A              ; BYPASS               ; Untyped                                     ;
; CLOCK_ENABLE_OUTPUT_B              ; NORMAL               ; Untyped                                     ;
; CLOCK_ENABLE_CORE_A                ; USE_INPUT_CLKEN      ; Untyped                                     ;
; CLOCK_ENABLE_CORE_B                ; USE_INPUT_CLKEN      ; Untyped                                     ;
; ENABLE_ECC                         ; FALSE                ; Untyped                                     ;
; ECC_PIPELINE_STAGE_ENABLED         ; FALSE                ; Untyped                                     ;
; WIDTH_ECCSTATUS                    ; 3                    ; Untyped                                     ;
; DEVICE_FAMILY                      ; Cyclone II           ; Untyped                                     ;
; CBXI_PARAMETER                     ; altsyncram_tm81      ; Untyped                                     ;
+------------------------------------+----------------------+---------------------------------------------+
Note: In order to hide this table in the UI and the text report file, please set the "Show Parameter Settings in Synthesis Report" option in "Analysis and Synthesis Settings -> More Settings" to "Off".


+---------------------------------------------------------------------------------------------------------+
; Parameter Settings for User Entity Instance: bloco_dados:bloco|RAM:RAM1|altsyncram:altsyncram_component ;
+------------------------------------+----------------------+---------------------------------------------+
; Parameter Name                     ; Value                ; Type                                        ;
+------------------------------------+----------------------+---------------------------------------------+
; BYTE_SIZE_BLOCK                    ; 8                    ; Untyped                                     ;
; AUTO_CARRY_CHAINS                  ; ON                   ; AUTO_CARRY                                  ;
; IGNORE_CARRY_BUFFERS               ; OFF                  ; IGNORE_CARRY                                ;
; AUTO_CASCADE_CHAINS                ; ON                   ; AUTO_CASCADE                                ;
; IGNORE_CASCADE_BUFFERS             ; OFF                  ; IGNORE_CASCADE                              ;
; WIDTH_BYTEENA                      ; 1                    ; Untyped                                     ;
; OPERATION_MODE                     ; SINGLE_PORT          ; Untyped                                     ;
; WIDTH_A                            ; 8                    ; Signed Integer                              ;
; WIDTHAD_A                          ; 8                    ; Signed Integer                              ;
; NUMWORDS_A                         ; 256                  ; Signed Integer                              ;
; OUTDATA_REG_A                      ; UNREGISTERED         ; Untyped                                     ;
; ADDRESS_ACLR_A                     ; NONE                 ; Untyped                                     ;
; OUTDATA_ACLR_A                     ; NONE                 ; Untyped                                     ;
; WRCONTROL_ACLR_A                   ; NONE                 ; Untyped                                     ;
; INDATA_ACLR_A                      ; NONE                 ; Untyped                                     ;
; BYTEENA_ACLR_A                     ; NONE                 ; Untyped                                     ;
; WIDTH_B                            ; 1                    ; Untyped                                     ;
; WIDTHAD_B                          ; 1                    ; Untyped                                     ;
; NUMWORDS_B                         ; 1                    ; Untyped                                     ;
; INDATA_REG_B                       ; CLOCK1               ; Untyped                                     ;
; WRCONTROL_WRADDRESS_REG_B          ; CLOCK1               ; Untyped                                     ;
; RDCONTROL_REG_B                    ; CLOCK1               ; Untyped                                     ;
; ADDRESS_REG_B                      ; CLOCK1               ; Untyped                                     ;
; OUTDATA_REG_B                      ; UNREGISTERED         ; Untyped                                     ;
; BYTEENA_REG_B                      ; CLOCK1               ; Untyped                                     ;
; INDATA_ACLR_B                      ; NONE                 ; Untyped                                     ;
; WRCONTROL_ACLR_B                   ; NONE                 ; Untyped                                     ;
; ADDRESS_ACLR_B                     ; NONE                 ; Untyped                                     ;
; OUTDATA_ACLR_B                     ; NONE                 ; Untyped                                     ;
; RDCONTROL_ACLR_B                   ; NONE                 ; Untyped                                     ;
; BYTEENA_ACLR_B                     ; NONE                 ; Untyped                                     ;
; WIDTH_BYTEENA_A                    ; 1                    ; Signed Integer                              ;
; WIDTH_BYTEENA_B                    ; 1                    ; Untyped                                     ;
; RAM_BLOCK_TYPE                     ; AUTO                 ; Untyped                                     ;
; BYTE_SIZE                          ; 8                    ; Untyped                                     ;
; READ_DURING_WRITE_MODE_MIXED_PORTS ; DONT_CARE            ; Untyped                                     ;
; READ_DURING_WRITE_MODE_PORT_A      ; NEW_DATA_NO_NBE_READ ; Untyped                                     ;
; READ_DURING_WRITE_MODE_PORT_B      ; NEW_DATA_NO_NBE_READ ; Untyped                                     ;
; INIT_FILE                          ; UNUSED               ; Untyped                                     ;
; INIT_FILE_LAYOUT                   ; PORT_A               ; Untyped                                     ;
; MAXIMUM_DEPTH                      ; 0                    ; Untyped                                     ;
; CLOCK_ENABLE_INPUT_A               ; BYPASS               ; Untyped                                     ;
; CLOCK_ENABLE_INPUT_B               ; NORMAL               ; Untyped                                     ;
; CLOCK_ENABLE_OUTPUT_A              ; BYPASS               ; Untyped                                     ;
; CLOCK_ENABLE_OUTPUT_B              ; NORMAL               ; Untyped                                     ;
; CLOCK_ENABLE_CORE_A                ; USE_INPUT_CLKEN      ; Untyped                                     ;
; CLOCK_ENABLE_CORE_B                ; USE_INPUT_CLKEN      ; Untyped                                     ;
; ENABLE_ECC                         ; FALSE                ; Untyped                                     ;
; ECC_PIPELINE_STAGE_ENABLED         ; FALSE                ; Untyped                                     ;
; WIDTH_ECCSTATUS                    ; 3                    ; Untyped                                     ;
; DEVICE_FAMILY                      ; Cyclone II           ; Untyped                                     ;
; CBXI_PARAMETER                     ; altsyncram_5pa1      ; Untyped                                     ;
+------------------------------------+----------------------+---------------------------------------------+
Note: In order to hide this table in the UI and the text report file, please set the "Show Parameter Settings in Synthesis Report" option in "Analysis and Synthesis Settings -> More Settings" to "Off".


+--------------------------------------------------------------------------------------------------------+
; altsyncram Parameter Settings by Entity Instance                                                       ;
+-------------------------------------------+------------------------------------------------------------+
; Name                                      ; Value                                                      ;
+-------------------------------------------+------------------------------------------------------------+
; Number of entity instances                ; 2                                                          ;
; Entity Instance                           ; bloco_dados:bloco|ROM:ROM1|altsyncram:altsyncram_component ;
;     -- OPERATION_MODE                     ; ROM                                                        ;
;     -- WIDTH_A                            ; 8                                                          ;
;     -- NUMWORDS_A                         ; 256                                                        ;
;     -- OUTDATA_REG_A                      ; UNREGISTERED                                               ;
;     -- WIDTH_B                            ; 1                                                          ;
;     -- NUMWORDS_B                         ; 1                                                          ;
;     -- ADDRESS_REG_B                      ; CLOCK1                                                     ;
;     -- OUTDATA_REG_B                      ; UNREGISTERED                                               ;
;     -- RAM_BLOCK_TYPE                     ; AUTO                                                       ;
;     -- READ_DURING_WRITE_MODE_MIXED_PORTS ; DONT_CARE                                                  ;
; Entity Instance                           ; bloco_dados:bloco|RAM:RAM1|altsyncram:altsyncram_component ;
;     -- OPERATION_MODE                     ; SINGLE_PORT                                                ;
;     -- WIDTH_A                            ; 8                                                          ;
;     -- NUMWORDS_A                         ; 256                                                        ;
;     -- OUTDATA_REG_A                      ; UNREGISTERED                                               ;
;     -- WIDTH_B                            ; 1                                                          ;
;     -- NUMWORDS_B                         ; 1                                                          ;
;     -- ADDRESS_REG_B                      ; CLOCK1                                                     ;
;     -- OUTDATA_REG_B                      ; UNREGISTERED                                               ;
;     -- RAM_BLOCK_TYPE                     ; AUTO                                                       ;
;     -- READ_DURING_WRITE_MODE_MIXED_PORTS ; DONT_CARE                                                  ;
+-------------------------------------------+------------------------------------------------------------+


+-------------------------------+
; Elapsed Time Per Partition    ;
+----------------+--------------+
; Partition Name ; Elapsed Time ;
+----------------+--------------+
; Top            ; 00:00:01     ;
+----------------+--------------+


+-------------------------------+
; Analysis & Synthesis Messages ;
+-------------------------------+
Info: *******************************************************************
Info: Running Quartus II 32-bit Analysis & Synthesis
    Info: Version 12.0 Build 232 07/05/2012 Service Pack 1 SJ Web Edition
    Info: Processing started: Wed Sep 04 23:41:36 2013
Info: Command: quartus_map --read_settings_files=on --write_settings_files=off top_level -c top_level
Warning (20028): Parallel compilation is not licensed and has been disabled
Info (12021): Found 2 design units, including 1 entities, in source file /sites/dropbox/temporaria/trabalho_microprocessadores/processador_pires/ula/ula.vhd
    Info (12022): Found design unit 1: ULA-ula_descrita
    Info (12023): Found entity 1: ULA
Info (12021): Found 2 design units, including 1 entities, in source file /sites/dropbox/temporaria/trabalho_microprocessadores/processador_pires/rom/rom.vhd
    Info (12022): Found design unit 1: rom-SYN
    Info (12023): Found entity 1: ROM
Info (12021): Found 2 design units, including 1 entities, in source file /sites/dropbox/temporaria/trabalho_microprocessadores/processador_pires/registrador/registrador.vhd
    Info (12022): Found design unit 1: registrador-reg8b
    Info (12023): Found entity 1: registrador
Info (12021): Found 2 design units, including 1 entities, in source file /sites/dropbox/temporaria/trabalho_microprocessadores/processador_pires/ram/ram.vhd
    Info (12022): Found design unit 1: ram-SYN
    Info (12023): Found entity 1: RAM
Info (12021): Found 2 design units, including 1 entities, in source file /sites/dropbox/temporaria/trabalho_microprocessadores/processador_pires/controle/controle.vhd
    Info (12022): Found design unit 1: controle-maquina_estados
    Info (12023): Found entity 1: controle
Info (12021): Found 2 design units, including 1 entities, in source file /sites/dropbox/temporaria/trabalho_microprocessadores/processador_pires/bloco_dados/bloco_dados.vhd
    Info (12022): Found design unit 1: bloco_dados-ligacoes
    Info (12023): Found entity 1: bloco_dados
Info (12021): Found 2 design units, including 1 entities, in source file top_level.vhd
    Info (12022): Found design unit 1: top_level-processador_pires
    Info (12023): Found entity 1: top_level
Info (12127): Elaborating entity "top_level" for the top level hierarchy
Info (12128): Elaborating entity "bloco_dados" for hierarchy "bloco_dados:bloco"
Warning (10492): VHDL Process Statement warning at bloco_dados.vhd(106): signal "s_B" is read inside the Process Statement but isn't in the Process Statement's sensitivity list
Info (12128): Elaborating entity "registrador" for hierarchy "bloco_dados:bloco|registrador:RegA"
Info (12128): Elaborating entity "ULA" for hierarchy "bloco_dados:bloco|ULA:ULA1"
Warning (10631): VHDL Process Statement warning at ULA.vhd(35): inferring latch(es) for signal or variable "temp", which holds its previous value in one or more paths through the process
Warning (10631): VHDL Process Statement warning at ULA.vhd(35): inferring latch(es) for signal or variable "temp_mult", which holds its previous value in one or more paths through the process
Warning (10631): VHDL Process Statement warning at ULA.vhd(71): inferring latch(es) for signal or variable "Z", which holds its previous value in one or more paths through the process
Warning (10631): VHDL Process Statement warning at ULA.vhd(71): inferring latch(es) for signal or variable "N", which holds its previous value in one or more paths through the process
Warning (10631): VHDL Process Statement warning at ULA.vhd(71): inferring latch(es) for signal or variable "saida", which holds its previous value in one or more paths through the process
Info (10041): Inferred latch for "saida[0]" at ULA.vhd(71)
Info (10041): Inferred latch for "saida[1]" at ULA.vhd(71)
Info (10041): Inferred latch for "saida[2]" at ULA.vhd(71)
Info (10041): Inferred latch for "saida[3]" at ULA.vhd(71)
Info (10041): Inferred latch for "saida[4]" at ULA.vhd(71)
Info (10041): Inferred latch for "saida[5]" at ULA.vhd(71)
Info (10041): Inferred latch for "saida[6]" at ULA.vhd(71)
Info (10041): Inferred latch for "saida[7]" at ULA.vhd(71)
Info (10041): Inferred latch for "N" at ULA.vhd(71)
Info (10041): Inferred latch for "Z" at ULA.vhd(71)
Info (10041): Inferred latch for "temp_mult[0]" at ULA.vhd(35)
Info (10041): Inferred latch for "temp_mult[1]" at ULA.vhd(35)
Info (10041): Inferred latch for "temp_mult[2]" at ULA.vhd(35)
Info (10041): Inferred latch for "temp_mult[3]" at ULA.vhd(35)
Info (10041): Inferred latch for "temp_mult[4]" at ULA.vhd(35)
Info (10041): Inferred latch for "temp_mult[5]" at ULA.vhd(35)
Info (10041): Inferred latch for "temp_mult[6]" at ULA.vhd(35)
Info (10041): Inferred latch for "temp_mult[7]" at ULA.vhd(35)
Info (10041): Inferred latch for "temp_mult[8]" at ULA.vhd(35)
Info (10041): Inferred latch for "temp_mult[9]" at ULA.vhd(35)
Info (10041): Inferred latch for "temp_mult[10]" at ULA.vhd(35)
Info (10041): Inferred latch for "temp_mult[11]" at ULA.vhd(35)
Info (10041): Inferred latch for "temp_mult[12]" at ULA.vhd(35)
Info (10041): Inferred latch for "temp_mult[13]" at ULA.vhd(35)
Info (10041): Inferred latch for "temp_mult[14]" at ULA.vhd(35)
Info (10041): Inferred latch for "temp_mult[15]" at ULA.vhd(35)
Info (10041): Inferred latch for "temp[0]" at ULA.vhd(35)
Info (10041): Inferred latch for "temp[1]" at ULA.vhd(35)
Info (10041): Inferred latch for "temp[2]" at ULA.vhd(35)
Info (10041): Inferred latch for "temp[3]" at ULA.vhd(35)
Info (10041): Inferred latch for "temp[4]" at ULA.vhd(35)
Info (10041): Inferred latch for "temp[5]" at ULA.vhd(35)
Info (10041): Inferred latch for "temp[6]" at ULA.vhd(35)
Info (10041): Inferred latch for "temp[7]" at ULA.vhd(35)
Info (12128): Elaborating entity "ROM" for hierarchy "bloco_dados:bloco|ROM:ROM1"
Info (12128): Elaborating entity "altsyncram" for hierarchy "bloco_dados:bloco|ROM:ROM1|altsyncram:altsyncram_component"
Info (12130): Elaborated megafunction instantiation "bloco_dados:bloco|ROM:ROM1|altsyncram:altsyncram_component"
Info (12133): Instantiated megafunction "bloco_dados:bloco|ROM:ROM1|altsyncram:altsyncram_component" with the following parameter:
    Info (12134): Parameter "clock_enable_input_a" = "NORMAL"
    Info (12134): Parameter "clock_enable_output_a" = "BYPASS"
    Info (12134): Parameter "init_file" = "ROM_mem.mif"
    Info (12134): Parameter "intended_device_family" = "Cyclone II"
    Info (12134): Parameter "lpm_hint" = "ENABLE_RUNTIME_MOD=NO"
    Info (12134): Parameter "lpm_type" = "altsyncram"
    Info (12134): Parameter "numwords_a" = "256"
    Info (12134): Parameter "operation_mode" = "ROM"
    Info (12134): Parameter "outdata_aclr_a" = "NONE"
    Info (12134): Parameter "outdata_reg_a" = "UNREGISTERED"
    Info (12134): Parameter "widthad_a" = "8"
    Info (12134): Parameter "width_a" = "8"
    Info (12134): Parameter "width_byteena_a" = "1"
Info (12021): Found 1 design units, including 1 entities, in source file db/altsyncram_tm81.tdf
    Info (12023): Found entity 1: altsyncram_tm81
Info (12128): Elaborating entity "altsyncram_tm81" for hierarchy "bloco_dados:bloco|ROM:ROM1|altsyncram:altsyncram_component|altsyncram_tm81:auto_generated"
Info (12128): Elaborating entity "RAM" for hierarchy "bloco_dados:bloco|RAM:RAM1"
Warning (10492): VHDL Process Statement warning at RAM.vhd(121): signal "RAM_IN" is read inside the Process Statement but isn't in the Process Statement's sensitivity list
Warning (10631): VHDL Process Statement warning at RAM.vhd(114): inferring latch(es) for signal or variable "RAM_OUT", which holds its previous value in one or more paths through the process
Info (10041): Inferred latch for "RAM_OUT[0]" at RAM.vhd(114)
Info (10041): Inferred latch for "RAM_OUT[1]" at RAM.vhd(114)
Info (10041): Inferred latch for "RAM_OUT[2]" at RAM.vhd(114)
Info (10041): Inferred latch for "RAM_OUT[3]" at RAM.vhd(114)
Info (10041): Inferred latch for "RAM_OUT[4]" at RAM.vhd(114)
Info (10041): Inferred latch for "RAM_OUT[5]" at RAM.vhd(114)
Info (10041): Inferred latch for "RAM_OUT[6]" at RAM.vhd(114)
Info (10041): Inferred latch for "RAM_OUT[7]" at RAM.vhd(114)
Info (12128): Elaborating entity "altsyncram" for hierarchy "bloco_dados:bloco|RAM:RAM1|altsyncram:altsyncram_component"
Info (12130): Elaborated megafunction instantiation "bloco_dados:bloco|RAM:RAM1|altsyncram:altsyncram_component"
Info (12133): Instantiated megafunction "bloco_dados:bloco|RAM:RAM1|altsyncram:altsyncram_component" with the following parameter:
    Info (12134): Parameter "clock_enable_input_a" = "BYPASS"
    Info (12134): Parameter "clock_enable_output_a" = "BYPASS"
    Info (12134): Parameter "intended_device_family" = "Cyclone II"
    Info (12134): Parameter "lpm_hint" = "ENABLE_RUNTIME_MOD=NO"
    Info (12134): Parameter "lpm_type" = "altsyncram"
    Info (12134): Parameter "numwords_a" = "256"
    Info (12134): Parameter "operation_mode" = "SINGLE_PORT"
    Info (12134): Parameter "outdata_aclr_a" = "NONE"
    Info (12134): Parameter "outdata_reg_a" = "UNREGISTERED"
    Info (12134): Parameter "power_up_uninitialized" = "TRUE"
    Info (12134): Parameter "widthad_a" = "8"
    Info (12134): Parameter "width_a" = "8"
    Info (12134): Parameter "width_byteena_a" = "1"
Info (12021): Found 1 design units, including 1 entities, in source file db/altsyncram_5pa1.tdf
    Info (12023): Found entity 1: altsyncram_5pa1
Info (12128): Elaborating entity "altsyncram_5pa1" for hierarchy "bloco_dados:bloco|RAM:RAM1|altsyncram:altsyncram_component|altsyncram_5pa1:auto_generated"
Info (12128): Elaborating entity "controle" for hierarchy "controle:controlador"
Warning (13024): Output pins are stuck at VCC or GND
    Warning (13410): Pin "DEBUG[2]" is stuck at GND
    Warning (13410): Pin "DEBUG[3]" is stuck at GND
    Warning (13410): Pin "DEBUG[4]" is stuck at GND
    Warning (13410): Pin "DEBUG[5]" is stuck at GND
    Warning (13410): Pin "DEBUG[6]" is stuck at GND
    Warning (13410): Pin "DEBUG[7]" is stuck at GND
    Warning (13410): Pin "A[0]" is stuck at GND
    Warning (13410): Pin "A[1]" is stuck at GND
    Warning (13410): Pin "A[2]" is stuck at GND
    Warning (13410): Pin "A[3]" is stuck at GND
    Warning (13410): Pin "A[4]" is stuck at GND
    Warning (13410): Pin "A[5]" is stuck at GND
    Warning (13410): Pin "A[6]" is stuck at GND
    Warning (13410): Pin "A[7]" is stuck at GND
    Warning (13410): Pin "B[0]" is stuck at GND
    Warning (13410): Pin "B[1]" is stuck at GND
    Warning (13410): Pin "B[2]" is stuck at GND
    Warning (13410): Pin "B[3]" is stuck at GND
    Warning (13410): Pin "B[4]" is stuck at GND
    Warning (13410): Pin "B[5]" is stuck at GND
    Warning (13410): Pin "B[6]" is stuck at GND
    Warning (13410): Pin "B[7]" is stuck at GND
Info (17049): 18 registers lost all their fanouts during netlist optimizations.
Info (16010): Generating hard_block partition "hard_block:auto_generated_inst"
    Info (16011): Adding 0 node(s), including 0 DDIO, 0 PLL, 0 transceiver and 0 LCELL
Warning (21074): Design contains 8 input pin(s) that do not drive logic
    Warning (15610): No output dependent on input pin "RAM_IN[0]"
    Warning (15610): No output dependent on input pin "RAM_IN[1]"
    Warning (15610): No output dependent on input pin "RAM_IN[2]"
    Warning (15610): No output dependent on input pin "RAM_IN[3]"
    Warning (15610): No output dependent on input pin "RAM_IN[4]"
    Warning (15610): No output dependent on input pin "RAM_IN[5]"
    Warning (15610): No output dependent on input pin "RAM_IN[6]"
    Warning (15610): No output dependent on input pin "RAM_IN[7]"
Info (21057): Implemented 137 device resources after synthesis - the final resource count might be different
    Info (21058): Implemented 10 input pins
    Info (21059): Implemented 48 output pins
    Info (21061): Implemented 63 logic cells
    Info (21064): Implemented 16 RAM segments
Info: Quartus II 32-bit Analysis & Synthesis was successful. 0 errors, 41 warnings
    Info: Peak virtual memory: 350 megabytes
    Info: Processing ended: Wed Sep 04 23:41:41 2013
    Info: Elapsed time: 00:00:05
    Info: Total CPU time (on all processors): 00:00:04


