Analysis & Synthesis report for bloco_dados
Mon Sep 09 22:14:45 2013
Quartus II 32-bit Version 12.0 Build 232 07/05/2012 Service Pack 1 SJ Web Edition


---------------------
; Table of Contents ;
---------------------
  1. Legal Notice
  2. Analysis & Synthesis Summary
  3. Analysis & Synthesis Settings
  4. Parallel Compilation
  5. Analysis & Synthesis Source Files Read
  6. Analysis & Synthesis Resource Usage Summary
  7. Analysis & Synthesis Resource Utilization by Entity
  8. Analysis & Synthesis RAM Summary
  9. Analysis & Synthesis IP Cores Summary
 10. User-Specified and Inferred Latches
 11. General Register Statistics
 12. Multiplexer Restructuring Statistics (Restructuring Performed)
 13. Source assignments for ROM:ROM1|altsyncram:altsyncram_component|altsyncram_9v81:auto_generated
 14. Source assignments for RAM:RAM1|altsyncram:altsyncram_component|altsyncram_h1b1:auto_generated
 15. Parameter Settings for User Entity Instance: ROM:ROM1|altsyncram:altsyncram_component
 16. Parameter Settings for User Entity Instance: RAM:RAM1|altsyncram:altsyncram_component
 17. Parameter Settings for Inferred Entity Instance: ULA:ULA1|lpm_mult:Mult0
 18. Parameter Settings for Inferred Entity Instance: ULA:ULA1|lpm_mult:Mult0|mult_17t:auto_generated|alt_mac_mult:mac_mult1
 19. Parameter Settings for Inferred Entity Instance: ULA:ULA1|lpm_mult:Mult0|mult_17t:auto_generated|alt_mac_out:mac_out2
 20. altsyncram Parameter Settings by Entity Instance
 21. lpm_mult Parameter Settings by Entity Instance
 22. Elapsed Time Per Partition
 23. Analysis & Synthesis Messages



----------------
; Legal Notice ;
----------------
Copyright (C) 1991-2012 Altera Corporation
Your use of Altera Corporation's design tools, logic functions 
and other software and tools, and its AMPP partner logic 
functions, and any output files from any of the foregoing 
(including device programming or simulation files), and any 
associated documentation or information are expressly subject 
to the terms and conditions of the Altera Program License 
Subscription Agreement, Altera MegaCore Function License 
Agreement, or other applicable license agreement, including, 
without limitation, that your use is for the sole purpose of 
programming logic devices manufactured by Altera and sold by 
Altera or its authorized distributors.  Please refer to the 
applicable agreement for further details.



+------------------------------------------------------------------------------------+
; Analysis & Synthesis Summary                                                       ;
+------------------------------------+-----------------------------------------------+
; Analysis & Synthesis Status        ; Successful - Mon Sep 09 22:14:45 2013         ;
; Quartus II 32-bit Version          ; 12.0 Build 232 07/05/2012 SP 1 SJ Web Edition ;
; Revision Name                      ; bloco_dados                                   ;
; Top-level Entity Name              ; bloco_dados                                   ;
; Family                             ; Cyclone IV GX                                 ;
; Total logic elements               ; 272                                           ;
;     Total combinational functions  ; 256                                           ;
;     Dedicated logic registers      ; 32                                            ;
; Total registers                    ; 32                                            ;
; Total pins                         ; 67                                            ;
; Total virtual pins                 ; 0                                             ;
; Total memory bits                  ; 4,096                                         ;
; Embedded Multiplier 9-bit elements ; 0                                             ;
; Total GXB Receiver Channel PCS     ; 0                                             ;
; Total GXB Receiver Channel PMA     ; 0                                             ;
; Total GXB Transmitter Channel PCS  ; 0                                             ;
; Total GXB Transmitter Channel PMA  ; 0                                             ;
; Total PLLs                         ; 0                                             ;
+------------------------------------+-----------------------------------------------+


+----------------------------------------------------------------------------------------------------------------------+
; Analysis & Synthesis Settings                                                                                        ;
+----------------------------------------------------------------------------+--------------------+--------------------+
; Option                                                                     ; Setting            ; Default Value      ;
+----------------------------------------------------------------------------+--------------------+--------------------+
; Top-level entity name                                                      ; bloco_dados        ; bloco_dados        ;
; Family name                                                                ; Cyclone IV GX      ; Cyclone IV GX      ;
; Use smart compilation                                                      ; Off                ; Off                ;
; Enable parallel Assembler and TimeQuest Timing Analyzer during compilation ; On                 ; On                 ;
; Enable compact report table                                                ; Off                ; Off                ;
; Restructure Multiplexers                                                   ; Auto               ; Auto               ;
; Create Debugging Nodes for IP Cores                                        ; Off                ; Off                ;
; Preserve fewer node names                                                  ; On                 ; On                 ;
; Disable OpenCore Plus hardware evaluation                                  ; Off                ; Off                ;
; Verilog Version                                                            ; Verilog_2001       ; Verilog_2001       ;
; VHDL Version                                                               ; VHDL_1993          ; VHDL_1993          ;
; State Machine Processing                                                   ; Auto               ; Auto               ;
; Safe State Machine                                                         ; Off                ; Off                ;
; Extract Verilog State Machines                                             ; On                 ; On                 ;
; Extract VHDL State Machines                                                ; On                 ; On                 ;
; Ignore Verilog initial constructs                                          ; Off                ; Off                ;
; Iteration limit for constant Verilog loops                                 ; 5000               ; 5000               ;
; Iteration limit for non-constant Verilog loops                             ; 250                ; 250                ;
; Add Pass-Through Logic to Inferred RAMs                                    ; On                 ; On                 ;
; Infer RAMs from Raw Logic                                                  ; On                 ; On                 ;
; Parallel Synthesis                                                         ; On                 ; On                 ;
; DSP Block Balancing                                                        ; Auto               ; Auto               ;
; NOT Gate Push-Back                                                         ; On                 ; On                 ;
; Power-Up Don't Care                                                        ; On                 ; On                 ;
; Remove Redundant Logic Cells                                               ; Off                ; Off                ;
; Remove Duplicate Registers                                                 ; On                 ; On                 ;
; Ignore CARRY Buffers                                                       ; Off                ; Off                ;
; Ignore CASCADE Buffers                                                     ; Off                ; Off                ;
; Ignore GLOBAL Buffers                                                      ; Off                ; Off                ;
; Ignore ROW GLOBAL Buffers                                                  ; Off                ; Off                ;
; Ignore LCELL Buffers                                                       ; Off                ; Off                ;
; Ignore SOFT Buffers                                                        ; On                 ; On                 ;
; Limit AHDL Integers to 32 Bits                                             ; Off                ; Off                ;
; Optimization Technique                                                     ; Balanced           ; Balanced           ;
; Carry Chain Length                                                         ; 70                 ; 70                 ;
; Auto Carry Chains                                                          ; On                 ; On                 ;
; Auto Open-Drain Pins                                                       ; On                 ; On                 ;
; Perform WYSIWYG Primitive Resynthesis                                      ; Off                ; Off                ;
; Auto ROM Replacement                                                       ; On                 ; On                 ;
; Auto RAM Replacement                                                       ; On                 ; On                 ;
; Auto DSP Block Replacement                                                 ; On                 ; On                 ;
; Auto Shift Register Replacement                                            ; Auto               ; Auto               ;
; Allow Shift Register Merging across Hierarchies                            ; Auto               ; Auto               ;
; Auto Clock Enable Replacement                                              ; On                 ; On                 ;
; Strict RAM Replacement                                                     ; Off                ; Off                ;
; Allow Synchronous Control Signals                                          ; On                 ; On                 ;
; Force Use of Synchronous Clear Signals                                     ; Off                ; Off                ;
; Auto RAM Block Balancing                                                   ; On                 ; On                 ;
; Auto RAM to Logic Cell Conversion                                          ; Off                ; Off                ;
; Auto Resource Sharing                                                      ; Off                ; Off                ;
; Allow Any RAM Size For Recognition                                         ; Off                ; Off                ;
; Allow Any ROM Size For Recognition                                         ; Off                ; Off                ;
; Allow Any Shift Register Size For Recognition                              ; Off                ; Off                ;
; Use LogicLock Constraints during Resource Balancing                        ; On                 ; On                 ;
; Ignore translate_off and synthesis_off directives                          ; Off                ; Off                ;
; Timing-Driven Synthesis                                                    ; On                 ; On                 ;
; Report Parameter Settings                                                  ; On                 ; On                 ;
; Report Source Assignments                                                  ; On                 ; On                 ;
; Report Connectivity Checks                                                 ; On                 ; On                 ;
; Ignore Maximum Fan-Out Assignments                                         ; Off                ; Off                ;
; Synchronization Register Chain Length                                      ; 2                  ; 2                  ;
; PowerPlay Power Optimization                                               ; Normal compilation ; Normal compilation ;
; HDL message level                                                          ; Level2             ; Level2             ;
; Suppress Register Optimization Related Messages                            ; Off                ; Off                ;
; Number of Removed Registers Reported in Synthesis Report                   ; 5000               ; 5000               ;
; Number of Swept Nodes Reported in Synthesis Report                         ; 5000               ; 5000               ;
; Number of Inverted Registers Reported in Synthesis Report                  ; 100                ; 100                ;
; Clock MUX Protection                                                       ; On                 ; On                 ;
; Auto Gated Clock Conversion                                                ; Off                ; Off                ;
; Block Design Naming                                                        ; Auto               ; Auto               ;
; SDC constraint protection                                                  ; Off                ; Off                ;
; Synthesis Effort                                                           ; Auto               ; Auto               ;
; Shift Register Replacement - Allow Asynchronous Clear Signal               ; On                 ; On                 ;
; Analysis & Synthesis Message Level                                         ; Medium             ; Medium             ;
; Disable Register Merging Across Hierarchies                                ; Auto               ; Auto               ;
; Resource Aware Inference For Block RAM                                     ; On                 ; On                 ;
; Synthesis Seed                                                             ; 1                  ; 1                  ;
+----------------------------------------------------------------------------+--------------------+--------------------+


Parallel compilation was disabled, but you have multiple processors available. Enable parallel compilation to reduce compilation time.
+-------------------------------------+
; Parallel Compilation                ;
+----------------------------+--------+
; Processors                 ; Number ;
+----------------------------+--------+
; Number detected on machine ; 2      ;
; Maximum allowed            ; 1      ;
+----------------------------+--------+


+----------------------------------------------------------------------------------------------------------------------------------------------------------------------------------------------------------------------+
; Analysis & Synthesis Source Files Read                                                                                                                                                                               ;
+----------------------------------+-----------------+----------------------------------------+--------------------------------------------------------------------------------------------------------------+---------+
; File Name with User-Entered Path ; Used in Netlist ; File Type                              ; File Name with Absolute Path                                                                                 ; Library ;
+----------------------------------+-----------------+----------------------------------------+--------------------------------------------------------------------------------------------------------------+---------+
; ../RAM/RAM.vhd                   ; yes             ; User Wizard-Generated File             ; C:/Sites/Dropbox/temporaria/trabalho_microprocessadores/processador_pires/RAM/RAM.vhd                        ;         ;
; ../ULA/ULA.vhd                   ; yes             ; User VHDL File                         ; C:/Sites/Dropbox/temporaria/trabalho_microprocessadores/processador_pires/ULA/ULA.vhd                        ;         ;
; ../ROM/ROM.vhd                   ; yes             ; User Wizard-Generated File             ; C:/Sites/Dropbox/temporaria/trabalho_microprocessadores/processador_pires/ROM/ROM.vhd                        ;         ;
; ../registrador/registrador.vhd   ; yes             ; User VHDL File                         ; C:/Sites/Dropbox/temporaria/trabalho_microprocessadores/processador_pires/registrador/registrador.vhd        ;         ;
; bloco_dados.vhd                  ; yes             ; User VHDL File                         ; C:/Sites/Dropbox/temporaria/trabalho_microprocessadores/processador_pires/Bloco_dados/bloco_dados.vhd        ;         ;
; altsyncram.tdf                   ; yes             ; Megafunction                           ; c:/altera/12.0sp1/quartus/libraries/megafunctions/altsyncram.tdf                                             ;         ;
; stratix_ram_block.inc            ; yes             ; Megafunction                           ; c:/altera/12.0sp1/quartus/libraries/megafunctions/stratix_ram_block.inc                                      ;         ;
; lpm_mux.inc                      ; yes             ; Megafunction                           ; c:/altera/12.0sp1/quartus/libraries/megafunctions/lpm_mux.inc                                                ;         ;
; lpm_decode.inc                   ; yes             ; Megafunction                           ; c:/altera/12.0sp1/quartus/libraries/megafunctions/lpm_decode.inc                                             ;         ;
; aglobal120.inc                   ; yes             ; Megafunction                           ; c:/altera/12.0sp1/quartus/libraries/megafunctions/aglobal120.inc                                             ;         ;
; a_rdenreg.inc                    ; yes             ; Megafunction                           ; c:/altera/12.0sp1/quartus/libraries/megafunctions/a_rdenreg.inc                                              ;         ;
; altrom.inc                       ; yes             ; Megafunction                           ; c:/altera/12.0sp1/quartus/libraries/megafunctions/altrom.inc                                                 ;         ;
; altram.inc                       ; yes             ; Megafunction                           ; c:/altera/12.0sp1/quartus/libraries/megafunctions/altram.inc                                                 ;         ;
; altdpram.inc                     ; yes             ; Megafunction                           ; c:/altera/12.0sp1/quartus/libraries/megafunctions/altdpram.inc                                               ;         ;
; db/altsyncram_9v81.tdf           ; yes             ; Auto-Generated Megafunction            ; C:/Sites/Dropbox/temporaria/trabalho_microprocessadores/processador_pires/Bloco_dados/db/altsyncram_9v81.tdf ;         ;
; rom_mem.mif                      ; yes             ; Auto-Found Memory Initialization File  ; C:/Sites/Dropbox/temporaria/trabalho_microprocessadores/processador_pires/Bloco_dados/rom_mem.mif            ;         ;
; db/altsyncram_h1b1.tdf           ; yes             ; Auto-Generated Megafunction            ; C:/Sites/Dropbox/temporaria/trabalho_microprocessadores/processador_pires/Bloco_dados/db/altsyncram_h1b1.tdf ;         ;
; lpm_mult.tdf                     ; yes             ; Megafunction                           ; c:/altera/12.0sp1/quartus/libraries/megafunctions/lpm_mult.tdf                                               ;         ;
; lpm_add_sub.inc                  ; yes             ; Megafunction                           ; c:/altera/12.0sp1/quartus/libraries/megafunctions/lpm_add_sub.inc                                            ;         ;
; multcore.inc                     ; yes             ; Megafunction                           ; c:/altera/12.0sp1/quartus/libraries/megafunctions/multcore.inc                                               ;         ;
; bypassff.inc                     ; yes             ; Megafunction                           ; c:/altera/12.0sp1/quartus/libraries/megafunctions/bypassff.inc                                               ;         ;
; altshift.inc                     ; yes             ; Megafunction                           ; c:/altera/12.0sp1/quartus/libraries/megafunctions/altshift.inc                                               ;         ;
; db/mult_17t.tdf                  ; yes             ; Auto-Generated Megafunction            ; C:/Sites/Dropbox/temporaria/trabalho_microprocessadores/processador_pires/Bloco_dados/db/mult_17t.tdf        ;         ;
; alt_mac_mult.tdf                 ; yes             ; Megafunction                           ; c:/altera/12.0sp1/quartus/libraries/megafunctions/alt_mac_mult.tdf                                           ;         ;
; lpm_mult.inc                     ; yes             ; Megafunction                           ; c:/altera/12.0sp1/quartus/libraries/megafunctions/lpm_mult.inc                                               ;         ;
; db/mac_mult_jah1.tdf             ; yes             ; Auto-Generated Megafunction            ; C:/Sites/Dropbox/temporaria/trabalho_microprocessadores/processador_pires/Bloco_dados/db/mac_mult_jah1.tdf   ;         ;
; db/mult_dho.tdf                  ; yes             ; Auto-Generated Megafunction            ; C:/Sites/Dropbox/temporaria/trabalho_microprocessadores/processador_pires/Bloco_dados/db/mult_dho.tdf        ;         ;
; alt_mac_out.tdf                  ; yes             ; Megafunction                           ; c:/altera/12.0sp1/quartus/libraries/megafunctions/alt_mac_out.tdf                                            ;         ;
; alt_zaccum.inc                   ; yes             ; Megafunction                           ; c:/altera/12.0sp1/quartus/libraries/megafunctions/alt_zaccum.inc                                             ;         ;
; db/mac_out_ov82.tdf              ; yes             ; Auto-Generated Megafunction            ; C:/Sites/Dropbox/temporaria/trabalho_microprocessadores/processador_pires/Bloco_dados/db/mac_out_ov82.tdf    ;         ;
+----------------------------------+-----------------+----------------------------------------+--------------------------------------------------------------------------------------------------------------+---------+


+---------------------------------------------+
; Analysis & Synthesis Resource Usage Summary ;
+----------------------+----------------------+
; Resource             ; Usage                ;
+----------------------+----------------------+
; I/O pins             ; 67                   ;
; Total memory bits    ; 4096                 ;
; Maximum fan-out node ; clk~input            ;
; Maximum fan-out      ; 48                   ;
; Total fan-out        ; 1279                 ;
; Average fan-out      ; 2.92                 ;
+----------------------+----------------------+


+------------------------------------------------------------------------------------------------------------------------------------------------------------------------------------------------------------------------------------------------------------------------------------------------------------------------+
; Analysis & Synthesis Resource Utilization by Entity                                                                                                                                                                                                                                                                    ;
+-----------------------------------------------+-------------------+--------------+-------------+--------------+---------+-----------+-----------+------+--------------+---------------------------------------------------------------------------------------------------------------------------------+--------------+
; Compilation Hierarchy Node                    ; LC Combinationals ; LC Registers ; Memory Bits ; DSP Elements ; DSP 9x9 ; DSP 18x18 ; DSP 36x36 ; Pins ; Virtual Pins ; Full Hierarchy Name                                                                                                             ; Library Name ;
+-----------------------------------------------+-------------------+--------------+-------------+--------------+---------+-----------+-----------+------+--------------+---------------------------------------------------------------------------------------------------------------------------------+--------------+
; |bloco_dados                                  ; 256 (32)          ; 32 (0)       ; 4096        ; 0            ; 0       ; 0         ; 0         ; 67   ; 0            ; |bloco_dados                                                                                                                    ;              ;
;    |RAM:RAM1|                                 ; 9 (9)             ; 0 (0)        ; 2048        ; 0            ; 0       ; 0         ; 0         ; 0    ; 0            ; |bloco_dados|RAM:RAM1                                                                                                           ;              ;
;       |altsyncram:altsyncram_component|       ; 0 (0)             ; 0 (0)        ; 2048        ; 0            ; 0       ; 0         ; 0         ; 0    ; 0            ; |bloco_dados|RAM:RAM1|altsyncram:altsyncram_component                                                                           ;              ;
;          |altsyncram_h1b1:auto_generated|     ; 0 (0)             ; 0 (0)        ; 2048        ; 0            ; 0       ; 0         ; 0         ; 0    ; 0            ; |bloco_dados|RAM:RAM1|altsyncram:altsyncram_component|altsyncram_h1b1:auto_generated                                            ;              ;
;    |ROM:ROM1|                                 ; 0 (0)             ; 0 (0)        ; 2048        ; 0            ; 0       ; 0         ; 0         ; 0    ; 0            ; |bloco_dados|ROM:ROM1                                                                                                           ;              ;
;       |altsyncram:altsyncram_component|       ; 0 (0)             ; 0 (0)        ; 2048        ; 0            ; 0       ; 0         ; 0         ; 0    ; 0            ; |bloco_dados|ROM:ROM1|altsyncram:altsyncram_component                                                                           ;              ;
;          |altsyncram_9v81:auto_generated|     ; 0 (0)             ; 0 (0)        ; 2048        ; 0            ; 0       ; 0         ; 0         ; 0    ; 0            ; |bloco_dados|ROM:ROM1|altsyncram:altsyncram_component|altsyncram_9v81:auto_generated                                            ;              ;
;    |ULA:ULA1|                                 ; 211 (116)         ; 0 (0)        ; 0           ; 0            ; 0       ; 0         ; 0         ; 0    ; 0            ; |bloco_dados|ULA:ULA1                                                                                                           ;              ;
;       |lpm_mult:Mult0|                        ; 95 (0)            ; 0 (0)        ; 0           ; 0            ; 0       ; 0         ; 0         ; 0    ; 0            ; |bloco_dados|ULA:ULA1|lpm_mult:Mult0                                                                                            ;              ;
;          |mult_17t:auto_generated|            ; 95 (0)            ; 0 (0)        ; 0           ; 0            ; 0       ; 0         ; 0         ; 0    ; 0            ; |bloco_dados|ULA:ULA1|lpm_mult:Mult0|mult_17t:auto_generated                                                                    ;              ;
;             |alt_mac_mult:mac_mult1|          ; 95 (0)            ; 0 (0)        ; 0           ; 0            ; 0       ; 0         ; 0         ; 0    ; 0            ; |bloco_dados|ULA:ULA1|lpm_mult:Mult0|mult_17t:auto_generated|alt_mac_mult:mac_mult1                                             ;              ;
;                |mac_mult_jah1:auto_generated| ; 95 (0)            ; 0 (0)        ; 0           ; 0            ; 0       ; 0         ; 0         ; 0    ; 0            ; |bloco_dados|ULA:ULA1|lpm_mult:Mult0|mult_17t:auto_generated|alt_mac_mult:mac_mult1|mac_mult_jah1:auto_generated                ;              ;
;                   |mult_dho:mult1|            ; 95 (95)           ; 0 (0)        ; 0           ; 0            ; 0       ; 0         ; 0         ; 0    ; 0            ; |bloco_dados|ULA:ULA1|lpm_mult:Mult0|mult_17t:auto_generated|alt_mac_mult:mac_mult1|mac_mult_jah1:auto_generated|mult_dho:mult1 ;              ;
;    |registrador:RegA|                         ; 4 (4)             ; 8 (8)        ; 0           ; 0            ; 0       ; 0         ; 0         ; 0    ; 0            ; |bloco_dados|registrador:RegA                                                                                                   ;              ;
;    |registrador:RegB|                         ; 0 (0)             ; 8 (8)        ; 0           ; 0            ; 0       ; 0         ; 0         ; 0    ; 0            ; |bloco_dados|registrador:RegB                                                                                                   ;              ;
;    |registrador:RegIR|                        ; 0 (0)             ; 8 (8)        ; 0           ; 0            ; 0       ; 0         ; 0         ; 0    ; 0            ; |bloco_dados|registrador:RegIR                                                                                                  ;              ;
;    |registrador:RegPC|                        ; 0 (0)             ; 8 (8)        ; 0           ; 0            ; 0       ; 0         ; 0         ; 0    ; 0            ; |bloco_dados|registrador:RegPC                                                                                                  ;              ;
+-----------------------------------------------+-------------------+--------------+-------------+--------------+---------+-----------+-----------+------+--------------+---------------------------------------------------------------------------------------------------------------------------------+--------------+
Note: For table entries with two numbers listed, the numbers in parentheses indicate the number of resources of the given type used by the specific entity alone. The numbers listed outside of parentheses indicate the total resources of the given type used by the specific entity and all of its sub-entities in the hierarchy.


+------------------------------------------------------------------------------------------------------------------------------------------------------------------------------------------+
; Analysis & Synthesis RAM Summary                                                                                                                                                         ;
+------------------------------------------------------------------------------------+------+-------------+--------------+--------------+--------------+--------------+------+-------------+
; Name                                                                               ; Type ; Mode        ; Port A Depth ; Port A Width ; Port B Depth ; Port B Width ; Size ; MIF         ;
+------------------------------------------------------------------------------------+------+-------------+--------------+--------------+--------------+--------------+------+-------------+
; RAM:RAM1|altsyncram:altsyncram_component|altsyncram_h1b1:auto_generated|ALTSYNCRAM ; AUTO ; Single Port ; 256          ; 8            ; --           ; --           ; 2048 ; None        ;
; ROM:ROM1|altsyncram:altsyncram_component|altsyncram_9v81:auto_generated|ALTSYNCRAM ; AUTO ; ROM         ; 256          ; 8            ; --           ; --           ; 2048 ; ROM_mem.mif ;
+------------------------------------------------------------------------------------+------+-------------+--------------+--------------+--------------+--------------+------+-------------+


+-------------------------------------------------------------------------------------------------------------------------------------------------------------------------------+
; Analysis & Synthesis IP Cores Summary                                                                                                                                         ;
+--------+--------------+---------+--------------+--------------+-----------------------+---------------------------------------------------------------------------------------+
; Vendor ; IP Core Name ; Version ; Release Date ; License Type ; Entity Instance       ; IP Include File                                                                       ;
+--------+--------------+---------+--------------+--------------+-----------------------+---------------------------------------------------------------------------------------+
; Altera ; RAM: 1-PORT  ; N/A     ; N/A          ; N/A          ; |bloco_dados|RAM:RAM1 ; C:/Sites/Dropbox/temporaria/trabalho_microprocessadores/processador_pires/RAM/RAM.vhd ;
; Altera ; ROM: 1-PORT  ; N/A     ; N/A          ; N/A          ; |bloco_dados|ROM:ROM1 ; C:/Sites/Dropbox/temporaria/trabalho_microprocessadores/processador_pires/ROM/ROM.vhd ;
+--------+--------------+---------+--------------+--------------+-----------------------+---------------------------------------------------------------------------------------+


+----------------------------------------------------------------------------------------------------+
; User-Specified and Inferred Latches                                                                ;
+-----------------------------------------------------+---------------------+------------------------+
; Latch Name                                          ; Latch Enable Signal ; Free of Timing Hazards ;
+-----------------------------------------------------+---------------------+------------------------+
; ULA:ULA1|Z                                          ; ULA_en              ; yes                    ;
; ULA:ULA1|N                                          ; ULA_en              ; yes                    ;
; RAM:RAM1|RAM_OUT[0]                                 ; RAM:RAM1|RAM_OUT[7] ; yes                    ;
; RAM:RAM1|RAM_OUT[1]                                 ; RAM:RAM1|RAM_OUT[7] ; yes                    ;
; RAM:RAM1|RAM_OUT[2]                                 ; RAM:RAM1|RAM_OUT[7] ; yes                    ;
; RAM:RAM1|RAM_OUT[3]                                 ; RAM:RAM1|RAM_OUT[7] ; yes                    ;
; RAM:RAM1|RAM_OUT[4]                                 ; RAM:RAM1|RAM_OUT[7] ; yes                    ;
; RAM:RAM1|RAM_OUT[5]                                 ; RAM:RAM1|RAM_OUT[7] ; yes                    ;
; RAM:RAM1|RAM_OUT[6]                                 ; RAM:RAM1|RAM_OUT[7] ; yes                    ;
; RAM:RAM1|RAM_OUT[7]                                 ; RAM:RAM1|RAM_OUT[7] ; yes                    ;
; ULA:ULA1|temp[0]                                    ; ULA:ULA1|Mux25      ; yes                    ;
; ULA:ULA1|temp[1]                                    ; ULA:ULA1|Mux25      ; yes                    ;
; ULA:ULA1|temp[2]                                    ; ULA:ULA1|Mux25      ; yes                    ;
; ULA:ULA1|temp[3]                                    ; ULA:ULA1|Mux25      ; yes                    ;
; ULA:ULA1|temp[4]                                    ; ULA:ULA1|Mux25      ; yes                    ;
; ULA:ULA1|temp[5]                                    ; ULA:ULA1|Mux25      ; yes                    ;
; ULA:ULA1|temp[6]                                    ; ULA:ULA1|Mux25      ; yes                    ;
; ULA:ULA1|temp[7]                                    ; ULA:ULA1|Mux25      ; yes                    ;
; ULA:ULA1|saida[1]                                   ; ULA_en              ; yes                    ;
; ULA:ULA1|saida[2]                                   ; ULA_en              ; yes                    ;
; ULA:ULA1|saida[3]                                   ; ULA_en              ; yes                    ;
; ULA:ULA1|saida[4]                                   ; ULA_en              ; yes                    ;
; ULA:ULA1|saida[5]                                   ; ULA_en              ; yes                    ;
; ULA:ULA1|saida[6]                                   ; ULA_en              ; yes                    ;
; ULA:ULA1|saida[7]                                   ; ULA_en              ; yes                    ;
; ULA:ULA1|saida[0]                                   ; ULA_en              ; yes                    ;
; ULA:ULA1|temp_mult[0]                               ; ULA:ULA1|Mux25      ; yes                    ;
; ULA:ULA1|temp_mult[8]                               ; ULA:ULA1|Mux25      ; yes                    ;
; ULA:ULA1|temp_mult[1]                               ; ULA:ULA1|Mux25      ; yes                    ;
; ULA:ULA1|temp_mult[9]                               ; ULA:ULA1|Mux25      ; yes                    ;
; ULA:ULA1|temp_mult[2]                               ; ULA:ULA1|Mux25      ; yes                    ;
; ULA:ULA1|temp_mult[10]                              ; ULA:ULA1|Mux25      ; yes                    ;
; ULA:ULA1|temp_mult[3]                               ; ULA:ULA1|Mux25      ; yes                    ;
; ULA:ULA1|temp_mult[11]                              ; ULA:ULA1|Mux25      ; yes                    ;
; ULA:ULA1|temp_mult[4]                               ; ULA:ULA1|Mux25      ; yes                    ;
; ULA:ULA1|temp_mult[12]                              ; ULA:ULA1|Mux25      ; yes                    ;
; ULA:ULA1|temp_mult[5]                               ; ULA:ULA1|Mux25      ; yes                    ;
; ULA:ULA1|temp_mult[13]                              ; ULA:ULA1|Mux25      ; yes                    ;
; ULA:ULA1|temp_mult[6]                               ; ULA:ULA1|Mux25      ; yes                    ;
; ULA:ULA1|temp_mult[14]                              ; ULA:ULA1|Mux25      ; yes                    ;
; ULA:ULA1|temp_mult[7]                               ; ULA:ULA1|Mux25      ; yes                    ;
; ULA:ULA1|temp_mult[15]                              ; ULA:ULA1|Mux25      ; yes                    ;
; Number of user-specified and inferred latches = 42  ;                     ;                        ;
+-----------------------------------------------------+---------------------+------------------------+
Note: All latches listed above may not be present at the end of synthesis due to various synthesis optimizations.


+------------------------------------------------------+
; General Register Statistics                          ;
+----------------------------------------------+-------+
; Statistic                                    ; Value ;
+----------------------------------------------+-------+
; Total registers                              ; 32    ;
; Number of registers using Synchronous Clear  ; 0     ;
; Number of registers using Synchronous Load   ; 0     ;
; Number of registers using Asynchronous Clear ; 32    ;
; Number of registers using Asynchronous Load  ; 0     ;
; Number of registers using Clock Enable       ; 32    ;
; Number of registers using Preset             ; 0     ;
+----------------------------------------------+-------+


+---------------------------------------------------------------------------------------------------------------------------------------------------------------------+
; Multiplexer Restructuring Statistics (Restructuring Performed)                                                                                                      ;
+--------------------+-----------+---------------+----------------------+------------------------+---------------------------------------+----------------------------+
; Multiplexer Inputs ; Bus Width ; Baseline Area ; Area if Restructured ; Saving if Restructured ; Registered                            ; Example Multiplexer Output ;
+--------------------+-----------+---------------+----------------------+------------------------+---------------------------------------+----------------------------+
; 5:1                ; 8 bits    ; 24 LEs        ; 16 LEs               ; 8 LEs                  ; |bloco_dados|registrador:RegA|temp[0] ;                            ;
; 1:1                ; 16 bits   ; 0 LEs         ; 0 LEs                ; 0 LEs                  ; |bloco_dados|ULA:ULA1|Mux7            ;                            ;
; 13:1               ; 8 bits    ; 64 LEs        ; 48 LEs               ; 16 LEs                 ; |bloco_dados|ULA:ULA1|Mux2            ;                            ;
; 4:1                ; 8 bits    ; 16 LEs        ; 16 LEs               ; 0 LEs                  ; |bloco_dados|ULA:ULA1|Add0            ;                            ;
; 4:1                ; 8 bits    ; 16 LEs        ; 0 LEs                ; 16 LEs                 ; |bloco_dados|ULA:ULA1|Add0            ;                            ;
+--------------------+-----------+---------------+----------------------+------------------------+---------------------------------------+----------------------------+


+------------------------------------------------------------------------------------------------+
; Source assignments for ROM:ROM1|altsyncram:altsyncram_component|altsyncram_9v81:auto_generated ;
+---------------------------------+--------------------+------+----------------------------------+
; Assignment                      ; Value              ; From ; To                               ;
+---------------------------------+--------------------+------+----------------------------------+
; OPTIMIZE_POWER_DURING_SYNTHESIS ; NORMAL_COMPILATION ; -    ; -                                ;
+---------------------------------+--------------------+------+----------------------------------+


+------------------------------------------------------------------------------------------------+
; Source assignments for RAM:RAM1|altsyncram:altsyncram_component|altsyncram_h1b1:auto_generated ;
+---------------------------------+--------------------+------+----------------------------------+
; Assignment                      ; Value              ; From ; To                               ;
+---------------------------------+--------------------+------+----------------------------------+
; OPTIMIZE_POWER_DURING_SYNTHESIS ; NORMAL_COMPILATION ; -    ; -                                ;
+---------------------------------+--------------------+------+----------------------------------+


+---------------------------------------------------------------------------------------+
; Parameter Settings for User Entity Instance: ROM:ROM1|altsyncram:altsyncram_component ;
+------------------------------------+----------------------+---------------------------+
; Parameter Name                     ; Value                ; Type                      ;
+------------------------------------+----------------------+---------------------------+
; BYTE_SIZE_BLOCK                    ; 8                    ; Untyped                   ;
; AUTO_CARRY_CHAINS                  ; ON                   ; AUTO_CARRY                ;
; IGNORE_CARRY_BUFFERS               ; OFF                  ; IGNORE_CARRY              ;
; AUTO_CASCADE_CHAINS                ; ON                   ; AUTO_CASCADE              ;
; IGNORE_CASCADE_BUFFERS             ; OFF                  ; IGNORE_CASCADE            ;
; WIDTH_BYTEENA                      ; 1                    ; Untyped                   ;
; OPERATION_MODE                     ; ROM                  ; Untyped                   ;
; WIDTH_A                            ; 8                    ; Signed Integer            ;
; WIDTHAD_A                          ; 8                    ; Signed Integer            ;
; NUMWORDS_A                         ; 256                  ; Signed Integer            ;
; OUTDATA_REG_A                      ; UNREGISTERED         ; Untyped                   ;
; ADDRESS_ACLR_A                     ; NONE                 ; Untyped                   ;
; OUTDATA_ACLR_A                     ; NONE                 ; Untyped                   ;
; WRCONTROL_ACLR_A                   ; NONE                 ; Untyped                   ;
; INDATA_ACLR_A                      ; NONE                 ; Untyped                   ;
; BYTEENA_ACLR_A                     ; NONE                 ; Untyped                   ;
; WIDTH_B                            ; 1                    ; Untyped                   ;
; WIDTHAD_B                          ; 1                    ; Untyped                   ;
; NUMWORDS_B                         ; 1                    ; Untyped                   ;
; INDATA_REG_B                       ; CLOCK1               ; Untyped                   ;
; WRCONTROL_WRADDRESS_REG_B          ; CLOCK1               ; Untyped                   ;
; RDCONTROL_REG_B                    ; CLOCK1               ; Untyped                   ;
; ADDRESS_REG_B                      ; CLOCK1               ; Untyped                   ;
; OUTDATA_REG_B                      ; UNREGISTERED         ; Untyped                   ;
; BYTEENA_REG_B                      ; CLOCK1               ; Untyped                   ;
; INDATA_ACLR_B                      ; NONE                 ; Untyped                   ;
; WRCONTROL_ACLR_B                   ; NONE                 ; Untyped                   ;
; ADDRESS_ACLR_B                     ; NONE                 ; Untyped                   ;
; OUTDATA_ACLR_B                     ; NONE                 ; Untyped                   ;
; RDCONTROL_ACLR_B                   ; NONE                 ; Untyped                   ;
; BYTEENA_ACLR_B                     ; NONE                 ; Untyped                   ;
; WIDTH_BYTEENA_A                    ; 1                    ; Signed Integer            ;
; WIDTH_BYTEENA_B                    ; 1                    ; Untyped                   ;
; RAM_BLOCK_TYPE                     ; AUTO                 ; Untyped                   ;
; BYTE_SIZE                          ; 8                    ; Untyped                   ;
; READ_DURING_WRITE_MODE_MIXED_PORTS ; DONT_CARE            ; Untyped                   ;
; READ_DURING_WRITE_MODE_PORT_A      ; NEW_DATA_NO_NBE_READ ; Untyped                   ;
; READ_DURING_WRITE_MODE_PORT_B      ; NEW_DATA_NO_NBE_READ ; Untyped                   ;
; INIT_FILE                          ; ROM_mem.mif          ; Untyped                   ;
; INIT_FILE_LAYOUT                   ; PORT_A               ; Untyped                   ;
; MAXIMUM_DEPTH                      ; 0                    ; Untyped                   ;
; CLOCK_ENABLE_INPUT_A               ; NORMAL               ; Untyped                   ;
; CLOCK_ENABLE_INPUT_B               ; NORMAL               ; Untyped                   ;
; CLOCK_ENABLE_OUTPUT_A              ; BYPASS               ; Untyped                   ;
; CLOCK_ENABLE_OUTPUT_B              ; NORMAL               ; Untyped                   ;
; CLOCK_ENABLE_CORE_A                ; USE_INPUT_CLKEN      ; Untyped                   ;
; CLOCK_ENABLE_CORE_B                ; USE_INPUT_CLKEN      ; Untyped                   ;
; ENABLE_ECC                         ; FALSE                ; Untyped                   ;
; ECC_PIPELINE_STAGE_ENABLED         ; FALSE                ; Untyped                   ;
; WIDTH_ECCSTATUS                    ; 3                    ; Untyped                   ;
; DEVICE_FAMILY                      ; Cyclone IV GX        ; Untyped                   ;
; CBXI_PARAMETER                     ; altsyncram_9v81      ; Untyped                   ;
+------------------------------------+----------------------+---------------------------+
Note: In order to hide this table in the UI and the text report file, please set the "Show Parameter Settings in Synthesis Report" option in "Analysis and Synthesis Settings -> More Settings" to "Off".


+---------------------------------------------------------------------------------------+
; Parameter Settings for User Entity Instance: RAM:RAM1|altsyncram:altsyncram_component ;
+------------------------------------+----------------------+---------------------------+
; Parameter Name                     ; Value                ; Type                      ;
+------------------------------------+----------------------+---------------------------+
; BYTE_SIZE_BLOCK                    ; 8                    ; Untyped                   ;
; AUTO_CARRY_CHAINS                  ; ON                   ; AUTO_CARRY                ;
; IGNORE_CARRY_BUFFERS               ; OFF                  ; IGNORE_CARRY              ;
; AUTO_CASCADE_CHAINS                ; ON                   ; AUTO_CASCADE              ;
; IGNORE_CASCADE_BUFFERS             ; OFF                  ; IGNORE_CASCADE            ;
; WIDTH_BYTEENA                      ; 1                    ; Untyped                   ;
; OPERATION_MODE                     ; SINGLE_PORT          ; Untyped                   ;
; WIDTH_A                            ; 8                    ; Signed Integer            ;
; WIDTHAD_A                          ; 8                    ; Signed Integer            ;
; NUMWORDS_A                         ; 256                  ; Signed Integer            ;
; OUTDATA_REG_A                      ; UNREGISTERED         ; Untyped                   ;
; ADDRESS_ACLR_A                     ; NONE                 ; Untyped                   ;
; OUTDATA_ACLR_A                     ; NONE                 ; Untyped                   ;
; WRCONTROL_ACLR_A                   ; NONE                 ; Untyped                   ;
; INDATA_ACLR_A                      ; NONE                 ; Untyped                   ;
; BYTEENA_ACLR_A                     ; NONE                 ; Untyped                   ;
; WIDTH_B                            ; 1                    ; Untyped                   ;
; WIDTHAD_B                          ; 1                    ; Untyped                   ;
; NUMWORDS_B                         ; 1                    ; Untyped                   ;
; INDATA_REG_B                       ; CLOCK1               ; Untyped                   ;
; WRCONTROL_WRADDRESS_REG_B          ; CLOCK1               ; Untyped                   ;
; RDCONTROL_REG_B                    ; CLOCK1               ; Untyped                   ;
; ADDRESS_REG_B                      ; CLOCK1               ; Untyped                   ;
; OUTDATA_REG_B                      ; UNREGISTERED         ; Untyped                   ;
; BYTEENA_REG_B                      ; CLOCK1               ; Untyped                   ;
; INDATA_ACLR_B                      ; NONE                 ; Untyped                   ;
; WRCONTROL_ACLR_B                   ; NONE                 ; Untyped                   ;
; ADDRESS_ACLR_B                     ; NONE                 ; Untyped                   ;
; OUTDATA_ACLR_B                     ; NONE                 ; Untyped                   ;
; RDCONTROL_ACLR_B                   ; NONE                 ; Untyped                   ;
; BYTEENA_ACLR_B                     ; NONE                 ; Untyped                   ;
; WIDTH_BYTEENA_A                    ; 1                    ; Signed Integer            ;
; WIDTH_BYTEENA_B                    ; 1                    ; Untyped                   ;
; RAM_BLOCK_TYPE                     ; AUTO                 ; Untyped                   ;
; BYTE_SIZE                          ; 8                    ; Untyped                   ;
; READ_DURING_WRITE_MODE_MIXED_PORTS ; DONT_CARE            ; Untyped                   ;
; READ_DURING_WRITE_MODE_PORT_A      ; NEW_DATA_NO_NBE_READ ; Untyped                   ;
; READ_DURING_WRITE_MODE_PORT_B      ; NEW_DATA_NO_NBE_READ ; Untyped                   ;
; INIT_FILE                          ; UNUSED               ; Untyped                   ;
; INIT_FILE_LAYOUT                   ; PORT_A               ; Untyped                   ;
; MAXIMUM_DEPTH                      ; 0                    ; Untyped                   ;
; CLOCK_ENABLE_INPUT_A               ; BYPASS               ; Untyped                   ;
; CLOCK_ENABLE_INPUT_B               ; NORMAL               ; Untyped                   ;
; CLOCK_ENABLE_OUTPUT_A              ; BYPASS               ; Untyped                   ;
; CLOCK_ENABLE_OUTPUT_B              ; NORMAL               ; Untyped                   ;
; CLOCK_ENABLE_CORE_A                ; USE_INPUT_CLKEN      ; Untyped                   ;
; CLOCK_ENABLE_CORE_B                ; USE_INPUT_CLKEN      ; Untyped                   ;
; ENABLE_ECC                         ; FALSE                ; Untyped                   ;
; ECC_PIPELINE_STAGE_ENABLED         ; FALSE                ; Untyped                   ;
; WIDTH_ECCSTATUS                    ; 3                    ; Untyped                   ;
; DEVICE_FAMILY                      ; Cyclone IV GX        ; Untyped                   ;
; CBXI_PARAMETER                     ; altsyncram_h1b1      ; Untyped                   ;
+------------------------------------+----------------------+---------------------------+
Note: In order to hide this table in the UI and the text report file, please set the "Show Parameter Settings in Synthesis Report" option in "Analysis and Synthesis Settings -> More Settings" to "Off".


+--------------------------------------------------------------------------------------+
; Parameter Settings for Inferred Entity Instance: ULA:ULA1|lpm_mult:Mult0             ;
+------------------------------------------------+---------------+---------------------+
; Parameter Name                                 ; Value         ; Type                ;
+------------------------------------------------+---------------+---------------------+
; AUTO_CARRY_CHAINS                              ; ON            ; AUTO_CARRY          ;
; IGNORE_CARRY_BUFFERS                           ; OFF           ; IGNORE_CARRY        ;
; AUTO_CASCADE_CHAINS                            ; ON            ; AUTO_CASCADE        ;
; IGNORE_CASCADE_BUFFERS                         ; OFF           ; IGNORE_CASCADE      ;
; LPM_WIDTHA                                     ; 8             ; Untyped             ;
; LPM_WIDTHB                                     ; 8             ; Untyped             ;
; LPM_WIDTHP                                     ; 16            ; Untyped             ;
; LPM_WIDTHR                                     ; 16            ; Untyped             ;
; LPM_WIDTHS                                     ; 1             ; Untyped             ;
; LPM_REPRESENTATION                             ; SIGNED        ; Untyped             ;
; LPM_PIPELINE                                   ; 0             ; Untyped             ;
; LATENCY                                        ; 0             ; Untyped             ;
; INPUT_A_IS_CONSTANT                            ; NO            ; Untyped             ;
; INPUT_B_IS_CONSTANT                            ; NO            ; Untyped             ;
; USE_EAB                                        ; OFF           ; Untyped             ;
; MAXIMIZE_SPEED                                 ; 5             ; Untyped             ;
; DEVICE_FAMILY                                  ; Cyclone IV GX ; Untyped             ;
; CARRY_CHAIN                                    ; MANUAL        ; Untyped             ;
; APEX20K_TECHNOLOGY_MAPPER                      ; LUT           ; TECH_MAPPER_APEX20K ;
; DEDICATED_MULTIPLIER_CIRCUITRY                 ; AUTO          ; Untyped             ;
; DEDICATED_MULTIPLIER_MIN_INPUT_WIDTH_FOR_AUTO  ; 0             ; Untyped             ;
; DEDICATED_MULTIPLIER_MIN_OUTPUT_WIDTH_FOR_AUTO ; 0             ; Untyped             ;
; CBXI_PARAMETER                                 ; mult_17t      ; Untyped             ;
; INPUT_A_FIXED_VALUE                            ; Bx            ; Untyped             ;
; INPUT_B_FIXED_VALUE                            ; Bx            ; Untyped             ;
; USE_AHDL_IMPLEMENTATION                        ; OFF           ; Untyped             ;
+------------------------------------------------+---------------+---------------------+
Note: In order to hide this table in the UI and the text report file, please set the "Show Parameter Settings in Synthesis Report" option in "Analysis and Synthesis Settings -> More Settings" to "Off".


+-------------------------------------------------------------------------------------------------------------------------+
; Parameter Settings for Inferred Entity Instance: ULA:ULA1|lpm_mult:Mult0|mult_17t:auto_generated|alt_mac_mult:mac_mult1 ;
+------------------------------+---------------+--------------------------------------------------------------------------+
; Parameter Name               ; Value         ; Type                                                                     ;
+------------------------------+---------------+--------------------------------------------------------------------------+
; LPM_WIDTHS                   ; 1             ; Untyped                                                                  ;
; DATAA_WIDTH                  ; 8             ; Untyped                                                                  ;
; DATAB_WIDTH                  ; 8             ; Untyped                                                                  ;
; DATAA_CLOCK                  ; NONE          ; Untyped                                                                  ;
; DATAB_CLOCK                  ; NONE          ; Untyped                                                                  ;
; SIGNA_CLOCK                  ; NONE          ; Untyped                                                                  ;
; SIGNB_CLOCK                  ; NONE          ; Untyped                                                                  ;
; OUTPUT_CLOCK                 ; NONE          ; Untyped                                                                  ;
; DATAA_CLEAR                  ; NONE          ; Untyped                                                                  ;
; DATAB_CLEAR                  ; NONE          ; Untyped                                                                  ;
; SIGNA_CLEAR                  ; NONE          ; Untyped                                                                  ;
; SIGNB_CLEAR                  ; NONE          ; Untyped                                                                  ;
; OUTPUT_CLEAR                 ; NONE          ; Untyped                                                                  ;
; ROUND_CLOCK                  ; none          ; Untyped                                                                  ;
; ROUND_CLEAR                  ; none          ; Untyped                                                                  ;
; SATURATE_CLOCK               ; none          ; Untyped                                                                  ;
; SATURATE_CLEAR               ; none          ; Untyped                                                                  ;
; BYPASS_MULTIPLIER            ; NO            ; Untyped                                                                  ;
; DYNAMIC_SCAN_CHAIN_SUPPORTED ; NO            ; Untyped                                                                  ;
; USING_ROUNDING               ; NO            ; Untyped                                                                  ;
; USING_SATURATION             ; NO            ; Untyped                                                                  ;
; EXTRA_OUTPUT_CLOCK           ; none          ; Untyped                                                                  ;
; EXTRA_SIGNA_CLOCK            ; none          ; Untyped                                                                  ;
; EXTRA_SIGNB_CLOCK            ; none          ; Untyped                                                                  ;
; EXTRA_OUTPUT_CLEAR           ; none          ; Untyped                                                                  ;
; EXTRA_SIGNA_CLEAR            ; none          ; Untyped                                                                  ;
; EXTRA_SIGNB_CLEAR            ; none          ; Untyped                                                                  ;
; MULT_PIPELINE                ; 0             ; Untyped                                                                  ;
; MULT_CLOCK                   ; NONE          ; Untyped                                                                  ;
; MULT_CLEAR                   ; NONE          ; Untyped                                                                  ;
; MULT_REPRESENTATION_A        ; SIGNED        ; Untyped                                                                  ;
; MULT_REPRESENTATION_B        ; SIGNED        ; Untyped                                                                  ;
; MULT_INPUT_A_IS_CONSTANT     ; NO            ; Untyped                                                                  ;
; MULT_INPUT_B_IS_CONSTANT     ; NO            ; Untyped                                                                  ;
; MULT_INPUT_A_FIXED_VALUE     ; Bx            ; Untyped                                                                  ;
; MULT_INPUT_B_FIXED_VALUE     ; Bx            ; Untyped                                                                  ;
; MULT_MAXIMIZE_SPEED          ; 5             ; Untyped                                                                  ;
; CBXI_PARAMETER               ; mac_mult_jah1 ; Untyped                                                                  ;
+------------------------------+---------------+--------------------------------------------------------------------------+
Note: In order to hide this table in the UI and the text report file, please set the "Show Parameter Settings in Synthesis Report" option in "Analysis and Synthesis Settings -> More Settings" to "Off".


+-----------------------------------------------------------------------------------------------------------------------+
; Parameter Settings for Inferred Entity Instance: ULA:ULA1|lpm_mult:Mult0|mult_17t:auto_generated|alt_mac_out:mac_out2 ;
+-------------------------------+--------------+------------------------------------------------------------------------+
; Parameter Name                ; Value        ; Type                                                                   ;
+-------------------------------+--------------+------------------------------------------------------------------------+
; OPERATION_MODE                ; OUTPUT_ONLY  ; Untyped                                                                ;
; DATAA_WIDTH                   ; 16           ; Untyped                                                                ;
; DATAB_WIDTH                   ; 0            ; Untyped                                                                ;
; DATAC_WIDTH                   ; 0            ; Untyped                                                                ;
; DATAD_WIDTH                   ; 0            ; Untyped                                                                ;
; ADDNSUB0_CLOCK                ; NONE         ; Untyped                                                                ;
; ADDNSUB1_CLOCK                ; NONE         ; Untyped                                                                ;
; ROUND0_CLOCK                  ; none         ; Untyped                                                                ;
; ROUND1_CLOCK                  ; none         ; Untyped                                                                ;
; SATURATE_CLOCK                ; none         ; Untyped                                                                ;
; MULTABSATURATE_CLOCK          ; none         ; Untyped                                                                ;
; MULTCDSATURATE_CLOCK          ; none         ; Untyped                                                                ;
; ZEROACC_CLOCK                 ; NONE         ; Untyped                                                                ;
; SIGNA_CLOCK                   ; NONE         ; Untyped                                                                ;
; SIGNB_CLOCK                   ; NONE         ; Untyped                                                                ;
; OUTPUT_CLOCK                  ; NONE         ; Untyped                                                                ;
; ADDNSUB0_CLEAR                ; NONE         ; Untyped                                                                ;
; ADDNSUB1_CLEAR                ; NONE         ; Untyped                                                                ;
; ROUND0_CLEAR                  ; none         ; Untyped                                                                ;
; ROUND1_CLEAR                  ; none         ; Untyped                                                                ;
; SATURATE_CLEAR                ; none         ; Untyped                                                                ;
; MULTABSATURATE_CLEAR          ; none         ; Untyped                                                                ;
; MULTCDSATURATE_CLEAR          ; none         ; Untyped                                                                ;
; ZEROACC_CLEAR                 ; NONE         ; Untyped                                                                ;
; SIGNA_CLEAR                   ; NONE         ; Untyped                                                                ;
; SIGNB_CLEAR                   ; NONE         ; Untyped                                                                ;
; OUTPUT_CLEAR                  ; NONE         ; Untyped                                                                ;
; ADDNSUB0_PIPELINE_CLOCK       ; NONE         ; Untyped                                                                ;
; ADDNSUB1_PIPELINE_CLOCK       ; NONE         ; Untyped                                                                ;
; ROUND0_PIPELINE_CLOCK         ; none         ; Untyped                                                                ;
; ROUND1_PIPELINE_CLOCK         ; none         ; Untyped                                                                ;
; SATURATE_PIPELINE_CLOCK       ; none         ; Untyped                                                                ;
; MULTABSATURATE_PIPELINE_CLOCK ; none         ; Untyped                                                                ;
; MULTCDSATURATE_PIPELINE_CLOCK ; none         ; Untyped                                                                ;
; ZEROACC_PIPELINE_CLOCK        ; NONE         ; Untyped                                                                ;
; SIGNA_PIPELINE_CLOCK          ; NONE         ; Untyped                                                                ;
; SIGNB_PIPELINE_CLOCK          ; NONE         ; Untyped                                                                ;
; ADDNSUB0_PIPELINE_CLEAR       ; NONE         ; Untyped                                                                ;
; ADDNSUB1_PIPELINE_CLEAR       ; NONE         ; Untyped                                                                ;
; ROUND0_PIPELINE_CLEAR         ; none         ; Untyped                                                                ;
; ROUND1_PIPELINE_CLEAR         ; none         ; Untyped                                                                ;
; SATURATE_PIPELINE_CLEAR       ; none         ; Untyped                                                                ;
; MULTABSATURATE_PIPELINE_CLEAR ; none         ; Untyped                                                                ;
; MULTCDSATURATE_PIPELINE_CLEAR ; none         ; Untyped                                                                ;
; ZEROACC_PIPELINE_CLEAR        ; NONE         ; Untyped                                                                ;
; SIGNA_PIPELINE_CLEAR          ; NONE         ; Untyped                                                                ;
; SIGNB_PIPELINE_CLEAR          ; NONE         ; Untyped                                                                ;
; MODE0_CLOCK                   ; none         ; Untyped                                                                ;
; MODE1_CLOCK                   ; none         ; Untyped                                                                ;
; ZEROACC1_CLOCK                ; none         ; Untyped                                                                ;
; SATURATE1_CLOCK               ; none         ; Untyped                                                                ;
; OUTPUT1_CLOCK                 ; none         ; Untyped                                                                ;
; OUTPUT2_CLOCK                 ; none         ; Untyped                                                                ;
; OUTPUT3_CLOCK                 ; none         ; Untyped                                                                ;
; OUTPUT4_CLOCK                 ; none         ; Untyped                                                                ;
; OUTPUT5_CLOCK                 ; none         ; Untyped                                                                ;
; OUTPUT6_CLOCK                 ; none         ; Untyped                                                                ;
; OUTPUT7_CLOCK                 ; none         ; Untyped                                                                ;
; MODE0_CLEAR                   ; none         ; Untyped                                                                ;
; MODE1_CLEAR                   ; none         ; Untyped                                                                ;
; ZEROACC1_CLEAR                ; none         ; Untyped                                                                ;
; SATURATE1_CLEAR               ; none         ; Untyped                                                                ;
; OUTPUT1_CLEAR                 ; none         ; Untyped                                                                ;
; OUTPUT2_CLEAR                 ; none         ; Untyped                                                                ;
; OUTPUT3_CLEAR                 ; none         ; Untyped                                                                ;
; OUTPUT4_CLEAR                 ; none         ; Untyped                                                                ;
; OUTPUT5_CLEAR                 ; none         ; Untyped                                                                ;
; OUTPUT6_CLEAR                 ; none         ; Untyped                                                                ;
; OUTPUT7_CLEAR                 ; none         ; Untyped                                                                ;
; MODE0_PIPELINE_CLOCK          ; none         ; Untyped                                                                ;
; MODE1_PIPELINE_CLOCK          ; none         ; Untyped                                                                ;
; ZEROACC1_PIPELINE_CLOCK       ; none         ; Untyped                                                                ;
; SATURATE1_PIPELINE_CLOCK      ; none         ; Untyped                                                                ;
; MODE0_PIPELINE_CLEAR          ; none         ; Untyped                                                                ;
; MODE1_PIPELINE_CLEAR          ; none         ; Untyped                                                                ;
; ZEROACC1_PIPELINE_CLEAR       ; none         ; Untyped                                                                ;
; SATURATE1_PIPELINE_CLEAR      ; none         ; Untyped                                                                ;
; FIRST_ADDER0_CLOCK            ; NONE         ; Untyped                                                                ;
; FIRST_ADDER1_CLOCK            ; NONE         ; Untyped                                                                ;
; FIRST_ADDER0_CLEAR            ; NONE         ; Untyped                                                                ;
; FIRST_ADDER1_CLEAR            ; NONE         ; Untyped                                                                ;
; DATAA_FORCED_TO_ZERO          ; NO           ; Untyped                                                                ;
; DATAC_FORCED_TO_ZERO          ; NO           ; Untyped                                                                ;
; USING_ROUNDING                ; NO           ; Untyped                                                                ;
; USING_SATURATION              ; NO           ; Untyped                                                                ;
; USING_MULT_SATURATION         ; NO           ; Untyped                                                                ;
; USING_LOADABLE_ACCUM          ; NO           ; Untyped                                                                ;
; LOADABLE_ACCUM_SUPPORTED      ; NO           ; Untyped                                                                ;
; USING_CHAINOUT                ; NO           ; Untyped                                                                ;
; CHAININ_WIDTH                 ; 0            ; Untyped                                                                ;
; CHAINOUT_PIPELINE_CLOCK       ; none         ; Untyped                                                                ;
; CHAINOUT_PIPELINE_CLEAR       ; none         ; Untyped                                                                ;
; CBXI_PARAMETER                ; mac_out_ov82 ; Untyped                                                                ;
+-------------------------------+--------------+------------------------------------------------------------------------+
Note: In order to hide this table in the UI and the text report file, please set the "Show Parameter Settings in Synthesis Report" option in "Analysis and Synthesis Settings -> More Settings" to "Off".


+--------------------------------------------------------------------------------------+
; altsyncram Parameter Settings by Entity Instance                                     ;
+-------------------------------------------+------------------------------------------+
; Name                                      ; Value                                    ;
+-------------------------------------------+------------------------------------------+
; Number of entity instances                ; 2                                        ;
; Entity Instance                           ; ROM:ROM1|altsyncram:altsyncram_component ;
;     -- OPERATION_MODE                     ; ROM                                      ;
;     -- WIDTH_A                            ; 8                                        ;
;     -- NUMWORDS_A                         ; 256                                      ;
;     -- OUTDATA_REG_A                      ; UNREGISTERED                             ;
;     -- WIDTH_B                            ; 1                                        ;
;     -- NUMWORDS_B                         ; 1                                        ;
;     -- ADDRESS_REG_B                      ; CLOCK1                                   ;
;     -- OUTDATA_REG_B                      ; UNREGISTERED                             ;
;     -- RAM_BLOCK_TYPE                     ; AUTO                                     ;
;     -- READ_DURING_WRITE_MODE_MIXED_PORTS ; DONT_CARE                                ;
; Entity Instance                           ; RAM:RAM1|altsyncram:altsyncram_component ;
;     -- OPERATION_MODE                     ; SINGLE_PORT                              ;
;     -- WIDTH_A                            ; 8                                        ;
;     -- NUMWORDS_A                         ; 256                                      ;
;     -- OUTDATA_REG_A                      ; UNREGISTERED                             ;
;     -- WIDTH_B                            ; 1                                        ;
;     -- NUMWORDS_B                         ; 1                                        ;
;     -- ADDRESS_REG_B                      ; CLOCK1                                   ;
;     -- OUTDATA_REG_B                      ; UNREGISTERED                             ;
;     -- RAM_BLOCK_TYPE                     ; AUTO                                     ;
;     -- READ_DURING_WRITE_MODE_MIXED_PORTS ; DONT_CARE                                ;
+-------------------------------------------+------------------------------------------+


+-----------------------------------------------------------------+
; lpm_mult Parameter Settings by Entity Instance                  ;
+---------------------------------------+-------------------------+
; Name                                  ; Value                   ;
+---------------------------------------+-------------------------+
; Number of entity instances            ; 1                       ;
; Entity Instance                       ; ULA:ULA1|lpm_mult:Mult0 ;
;     -- LPM_WIDTHA                     ; 8                       ;
;     -- LPM_WIDTHB                     ; 8                       ;
;     -- LPM_WIDTHP                     ; 16                      ;
;     -- LPM_REPRESENTATION             ; SIGNED                  ;
;     -- INPUT_A_IS_CONSTANT            ; NO                      ;
;     -- INPUT_B_IS_CONSTANT            ; NO                      ;
;     -- USE_EAB                        ; OFF                     ;
;     -- DEDICATED_MULTIPLIER_CIRCUITRY ; AUTO                    ;
;     -- INPUT_A_FIXED_VALUE            ; Bx                      ;
;     -- INPUT_B_FIXED_VALUE            ; Bx                      ;
+---------------------------------------+-------------------------+


+-------------------------------+
; Elapsed Time Per Partition    ;
+----------------+--------------+
; Partition Name ; Elapsed Time ;
+----------------+--------------+
; Top            ; 00:00:07     ;
+----------------+--------------+


+-------------------------------+
; Analysis & Synthesis Messages ;
+-------------------------------+
Info: *******************************************************************
Info: Running Quartus II 32-bit Analysis & Synthesis
    Info: Version 12.0 Build 232 07/05/2012 Service Pack 1 SJ Web Edition
    Info: Processing started: Mon Sep 09 22:14:34 2013
Info: Command: quartus_map --read_settings_files=on --write_settings_files=off bloco_dados -c bloco_dados
Warning (20028): Parallel compilation is not licensed and has been disabled
Info (12021): Found 2 design units, including 1 entities, in source file /sites/dropbox/temporaria/trabalho_microprocessadores/processador_pires/ram/ram.vhd
    Info (12022): Found design unit 1: ram-SYN
    Info (12023): Found entity 1: RAM
Info (12021): Found 2 design units, including 1 entities, in source file /sites/dropbox/temporaria/trabalho_microprocessadores/processador_pires/ula/ula.vhd
    Info (12022): Found design unit 1: ULA-ula_descrita
    Info (12023): Found entity 1: ULA
Info (12021): Found 2 design units, including 1 entities, in source file /sites/dropbox/temporaria/trabalho_microprocessadores/processador_pires/rom/rom.vhd
    Info (12022): Found design unit 1: rom-SYN
    Info (12023): Found entity 1: ROM
Info (12021): Found 2 design units, including 1 entities, in source file /sites/dropbox/temporaria/trabalho_microprocessadores/processador_pires/registrador/registrador.vhd
    Info (12022): Found design unit 1: registrador-reg8b
    Info (12023): Found entity 1: registrador
Info (12021): Found 2 design units, including 1 entities, in source file bloco_dados.vhd
    Info (12022): Found design unit 1: bloco_dados-ligacoes
    Info (12023): Found entity 1: bloco_dados
Info (12127): Elaborating entity "bloco_dados" for the top level hierarchy
Warning (10492): VHDL Process Statement warning at bloco_dados.vhd(106): signal "s_B" is read inside the Process Statement but isn't in the Process Statement's sensitivity list
Info (12128): Elaborating entity "registrador" for hierarchy "registrador:RegA"
Info (12128): Elaborating entity "ULA" for hierarchy "ULA:ULA1"
Warning (10631): VHDL Process Statement warning at ULA.vhd(36): inferring latch(es) for signal or variable "temp", which holds its previous value in one or more paths through the process
Warning (10631): VHDL Process Statement warning at ULA.vhd(36): inferring latch(es) for signal or variable "temp_mult", which holds its previous value in one or more paths through the process
Warning (10631): VHDL Process Statement warning at ULA.vhd(74): inferring latch(es) for signal or variable "Z", which holds its previous value in one or more paths through the process
Warning (10631): VHDL Process Statement warning at ULA.vhd(74): inferring latch(es) for signal or variable "N", which holds its previous value in one or more paths through the process
Warning (10631): VHDL Process Statement warning at ULA.vhd(74): inferring latch(es) for signal or variable "saida", which holds its previous value in one or more paths through the process
Info (10041): Inferred latch for "saida[0]" at ULA.vhd(74)
Info (10041): Inferred latch for "saida[1]" at ULA.vhd(74)
Info (10041): Inferred latch for "saida[2]" at ULA.vhd(74)
Info (10041): Inferred latch for "saida[3]" at ULA.vhd(74)
Info (10041): Inferred latch for "saida[4]" at ULA.vhd(74)
Info (10041): Inferred latch for "saida[5]" at ULA.vhd(74)
Info (10041): Inferred latch for "saida[6]" at ULA.vhd(74)
Info (10041): Inferred latch for "saida[7]" at ULA.vhd(74)
Info (10041): Inferred latch for "N" at ULA.vhd(74)
Info (10041): Inferred latch for "Z" at ULA.vhd(74)
Info (10041): Inferred latch for "temp_mult[0]" at ULA.vhd(36)
Info (10041): Inferred latch for "temp_mult[1]" at ULA.vhd(36)
Info (10041): Inferred latch for "temp_mult[2]" at ULA.vhd(36)
Info (10041): Inferred latch for "temp_mult[3]" at ULA.vhd(36)
Info (10041): Inferred latch for "temp_mult[4]" at ULA.vhd(36)
Info (10041): Inferred latch for "temp_mult[5]" at ULA.vhd(36)
Info (10041): Inferred latch for "temp_mult[6]" at ULA.vhd(36)
Info (10041): Inferred latch for "temp_mult[7]" at ULA.vhd(36)
Info (10041): Inferred latch for "temp_mult[8]" at ULA.vhd(36)
Info (10041): Inferred latch for "temp_mult[9]" at ULA.vhd(36)
Info (10041): Inferred latch for "temp_mult[10]" at ULA.vhd(36)
Info (10041): Inferred latch for "temp_mult[11]" at ULA.vhd(36)
Info (10041): Inferred latch for "temp_mult[12]" at ULA.vhd(36)
Info (10041): Inferred latch for "temp_mult[13]" at ULA.vhd(36)
Info (10041): Inferred latch for "temp_mult[14]" at ULA.vhd(36)
Info (10041): Inferred latch for "temp_mult[15]" at ULA.vhd(36)
Info (10041): Inferred latch for "temp[0]" at ULA.vhd(36)
Info (10041): Inferred latch for "temp[1]" at ULA.vhd(36)
Info (10041): Inferred latch for "temp[2]" at ULA.vhd(36)
Info (10041): Inferred latch for "temp[3]" at ULA.vhd(36)
Info (10041): Inferred latch for "temp[4]" at ULA.vhd(36)
Info (10041): Inferred latch for "temp[5]" at ULA.vhd(36)
Info (10041): Inferred latch for "temp[6]" at ULA.vhd(36)
Info (10041): Inferred latch for "temp[7]" at ULA.vhd(36)
Info (12128): Elaborating entity "ROM" for hierarchy "ROM:ROM1"
Info (12128): Elaborating entity "altsyncram" for hierarchy "ROM:ROM1|altsyncram:altsyncram_component"
Info (12130): Elaborated megafunction instantiation "ROM:ROM1|altsyncram:altsyncram_component"
Info (12133): Instantiated megafunction "ROM:ROM1|altsyncram:altsyncram_component" with the following parameter:
    Info (12134): Parameter "clock_enable_input_a" = "NORMAL"
    Info (12134): Parameter "clock_enable_output_a" = "BYPASS"
    Info (12134): Parameter "init_file" = "ROM_mem.mif"
    Info (12134): Parameter "intended_device_family" = "Cyclone II"
    Info (12134): Parameter "lpm_hint" = "ENABLE_RUNTIME_MOD=NO"
    Info (12134): Parameter "lpm_type" = "altsyncram"
    Info (12134): Parameter "numwords_a" = "256"
    Info (12134): Parameter "operation_mode" = "ROM"
    Info (12134): Parameter "outdata_aclr_a" = "NONE"
    Info (12134): Parameter "outdata_reg_a" = "UNREGISTERED"
    Info (12134): Parameter "widthad_a" = "8"
    Info (12134): Parameter "width_a" = "8"
    Info (12134): Parameter "width_byteena_a" = "1"
Info (12021): Found 1 design units, including 1 entities, in source file db/altsyncram_9v81.tdf
    Info (12023): Found entity 1: altsyncram_9v81
Info (12128): Elaborating entity "altsyncram_9v81" for hierarchy "ROM:ROM1|altsyncram:altsyncram_component|altsyncram_9v81:auto_generated"
Info (12128): Elaborating entity "RAM" for hierarchy "RAM:RAM1"
Warning (10492): VHDL Process Statement warning at RAM.vhd(121): signal "RAM_IN" is read inside the Process Statement but isn't in the Process Statement's sensitivity list
Warning (10631): VHDL Process Statement warning at RAM.vhd(114): inferring latch(es) for signal or variable "RAM_OUT", which holds its previous value in one or more paths through the process
Info (10041): Inferred latch for "RAM_OUT[0]" at RAM.vhd(114)
Info (10041): Inferred latch for "RAM_OUT[1]" at RAM.vhd(114)
Info (10041): Inferred latch for "RAM_OUT[2]" at RAM.vhd(114)
Info (10041): Inferred latch for "RAM_OUT[3]" at RAM.vhd(114)
Info (10041): Inferred latch for "RAM_OUT[4]" at RAM.vhd(114)
Info (10041): Inferred latch for "RAM_OUT[5]" at RAM.vhd(114)
Info (10041): Inferred latch for "RAM_OUT[6]" at RAM.vhd(114)
Info (10041): Inferred latch for "RAM_OUT[7]" at RAM.vhd(114)
Info (12128): Elaborating entity "altsyncram" for hierarchy "RAM:RAM1|altsyncram:altsyncram_component"
Info (12130): Elaborated megafunction instantiation "RAM:RAM1|altsyncram:altsyncram_component"
Info (12133): Instantiated megafunction "RAM:RAM1|altsyncram:altsyncram_component" with the following parameter:
    Info (12134): Parameter "clock_enable_input_a" = "BYPASS"
    Info (12134): Parameter "clock_enable_output_a" = "BYPASS"
    Info (12134): Parameter "intended_device_family" = "Cyclone II"
    Info (12134): Parameter "lpm_hint" = "ENABLE_RUNTIME_MOD=NO"
    Info (12134): Parameter "lpm_type" = "altsyncram"
    Info (12134): Parameter "numwords_a" = "256"
    Info (12134): Parameter "operation_mode" = "SINGLE_PORT"
    Info (12134): Parameter "outdata_aclr_a" = "NONE"
    Info (12134): Parameter "outdata_reg_a" = "UNREGISTERED"
    Info (12134): Parameter "power_up_uninitialized" = "TRUE"
    Info (12134): Parameter "widthad_a" = "8"
    Info (12134): Parameter "width_a" = "8"
    Info (12134): Parameter "width_byteena_a" = "1"
Info (12021): Found 1 design units, including 1 entities, in source file db/altsyncram_h1b1.tdf
    Info (12023): Found entity 1: altsyncram_h1b1
Info (12128): Elaborating entity "altsyncram_h1b1" for hierarchy "RAM:RAM1|altsyncram:altsyncram_component|altsyncram_h1b1:auto_generated"
Info (278001): Inferred 1 megafunctions from design logic
    Info (278003): Inferred multiplier megafunction ("lpm_mult") from the following logic: "ULA:ULA1|Mult0"
Info (12130): Elaborated megafunction instantiation "ULA:ULA1|lpm_mult:Mult0"
Info (12133): Instantiated megafunction "ULA:ULA1|lpm_mult:Mult0" with the following parameter:
    Info (12134): Parameter "LPM_WIDTHA" = "8"
    Info (12134): Parameter "LPM_WIDTHB" = "8"
    Info (12134): Parameter "LPM_WIDTHP" = "16"
    Info (12134): Parameter "LPM_WIDTHR" = "16"
    Info (12134): Parameter "LPM_WIDTHS" = "1"
    Info (12134): Parameter "LPM_REPRESENTATION" = "SIGNED"
    Info (12134): Parameter "INPUT_A_IS_CONSTANT" = "NO"
    Info (12134): Parameter "INPUT_B_IS_CONSTANT" = "NO"
    Info (12134): Parameter "MAXIMIZE_SPEED" = "5"
Info (12021): Found 1 design units, including 1 entities, in source file db/mult_17t.tdf
    Info (12023): Found entity 1: mult_17t
Info (270001): Converted 1 DSP block slices
    Info (270002): Used 1 DSP blocks before DSP block balancing
        Info (270003): Used 1 DSP block slices in "Simple Multiplier (9-bit)" mode implemented in approximately 1 DSP blocks
    Info (270013): Converted the following 1 DSP block slices to logic elements
        Info (270006): DSP block slice in "Simple Multiplier (9-bit)" mode with output node "ULA:ULA1|lpm_mult:Mult0|mult_17t:auto_generated|mac_out2"
            Info (270004): DSP block output node "ULA:ULA1|lpm_mult:Mult0|mult_17t:auto_generated|mac_out2"
            Info (270005): DSP block multiplier node "ULA:ULA1|lpm_mult:Mult0|mult_17t:auto_generated|mac_mult1"
    Info (270002): Used 0 DSP blocks after DSP block balancing
Info (12130): Elaborated megafunction instantiation "ULA:ULA1|lpm_mult:Mult0|mult_17t:auto_generated|alt_mac_mult:mac_mult1"
Info (12133): Instantiated megafunction "ULA:ULA1|lpm_mult:Mult0|mult_17t:auto_generated|alt_mac_mult:mac_mult1" with the following parameter:
    Info (12134): Parameter "MULT_REPRESENTATION_A" = "SIGNED"
    Info (12134): Parameter "MULT_REPRESENTATION_B" = "SIGNED"
    Info (12134): Parameter "MULT_PIPELINE" = "0"
    Info (12134): Parameter "MULT_CLOCK" = "NONE"
    Info (12134): Parameter "MULT_CLEAR" = "NONE"
    Info (12134): Parameter "MULT_INPUT_A_IS_CONSTANT" = "NO"
    Info (12134): Parameter "MULT_INPUT_B_IS_CONSTANT" = "NO"
    Info (12134): Parameter "dataa_width" = "8"
    Info (12134): Parameter "datab_width" = "8"
    Info (12134): Parameter "output_width" = "16"
    Info (12134): Parameter "dataa_clock" = "NONE"
    Info (12134): Parameter "datab_clock" = "NONE"
    Info (12134): Parameter "signa_clock" = "NONE"
    Info (12134): Parameter "signb_clock" = "NONE"
    Info (12134): Parameter "output_clock" = "NONE"
    Info (12134): Parameter "dataa_clear" = "NONE"
    Info (12134): Parameter "datab_clear" = "NONE"
    Info (12134): Parameter "signa_clear" = "NONE"
    Info (12134): Parameter "signb_clear" = "NONE"
    Info (12134): Parameter "output_clear" = "NONE"
Info (12021): Found 1 design units, including 1 entities, in source file db/mac_mult_jah1.tdf
    Info (12023): Found entity 1: mac_mult_jah1
Info (12021): Found 1 design units, including 1 entities, in source file db/mult_dho.tdf
    Info (12023): Found entity 1: mult_dho
Info (12130): Elaborated megafunction instantiation "ULA:ULA1|lpm_mult:Mult0|mult_17t:auto_generated|alt_mac_out:mac_out2"
Info (12133): Instantiated megafunction "ULA:ULA1|lpm_mult:Mult0|mult_17t:auto_generated|alt_mac_out:mac_out2" with the following parameter:
    Info (12134): Parameter "OPERATION_MODE" = "OUTPUT_ONLY"
    Info (12134): Parameter "dataa_width" = "16"
    Info (12134): Parameter "datab_width" = "0"
    Info (12134): Parameter "datac_width" = "0"
    Info (12134): Parameter "datad_width" = "0"
    Info (12134): Parameter "output_width" = "16"
    Info (12134): Parameter "signa_clock" = "NONE"
    Info (12134): Parameter "signb_clock" = "NONE"
    Info (12134): Parameter "addnsub0_clock" = "NONE"
    Info (12134): Parameter "addnsub1_clock" = "NONE"
    Info (12134): Parameter "zeroacc_clock" = "NONE"
    Info (12134): Parameter "first_adder0_clock" = "NONE"
    Info (12134): Parameter "first_adder1_clock" = "NONE"
    Info (12134): Parameter "output_clock" = "NONE"
    Info (12134): Parameter "signa_clear" = "NONE"
    Info (12134): Parameter "signb_clear" = "NONE"
    Info (12134): Parameter "addnsub0_clear" = "NONE"
    Info (12134): Parameter "addnsub1_clear" = "NONE"
    Info (12134): Parameter "zeroacc_clear" = "NONE"
    Info (12134): Parameter "first_adder0_clear" = "NONE"
    Info (12134): Parameter "first_adder1_clear" = "NONE"
    Info (12134): Parameter "output_clear" = "NONE"
    Info (12134): Parameter "signa_pipeline_clock" = "NONE"
    Info (12134): Parameter "signb_pipeline_clock" = "NONE"
    Info (12134): Parameter "addnsub0_pipeline_clock" = "NONE"
    Info (12134): Parameter "addnsub1_pipeline_clock" = "NONE"
    Info (12134): Parameter "zeroacc_pipeline_clock" = "NONE"
    Info (12134): Parameter "signa_pipeline_clear" = "NONE"
    Info (12134): Parameter "signb_pipeline_clear" = "NONE"
    Info (12134): Parameter "addnsub0_pipeline_clear" = "NONE"
    Info (12134): Parameter "addnsub1_pipeline_clear" = "NONE"
    Info (12134): Parameter "zeroacc_pipeline_clear" = "NONE"
Info (12021): Found 1 design units, including 1 entities, in source file db/mac_out_ov82.tdf
    Info (12023): Found entity 1: mac_out_ov82
Info (13014): Ignored 116 buffer(s)
    Info (13016): Ignored 6 CARRY_SUM buffer(s)
    Info (13019): Ignored 110 SOFT buffer(s)
Info (13025): Duplicate LATCH primitives merged into single LATCH primitive
    Info (13026): Duplicate LATCH primitive "ULA:ULA1|saida[7]" merged with LATCH primitive "ULA:ULA1|N"
Warning (13012): Latch ULA:ULA1|temp[0] has unsafe behavior
    Warning (13013): Ports D and ENA on the latch are fed by the same signal ULA_ctrl[2]
Warning (13012): Latch ULA:ULA1|temp[1] has unsafe behavior
    Warning (13013): Ports D and ENA on the latch are fed by the same signal ULA_ctrl[2]
Warning (13012): Latch ULA:ULA1|temp[2] has unsafe behavior
    Warning (13013): Ports D and ENA on the latch are fed by the same signal ULA_ctrl[2]
Warning (13012): Latch ULA:ULA1|temp[3] has unsafe behavior
    Warning (13013): Ports D and ENA on the latch are fed by the same signal ULA_ctrl[2]
Warning (13012): Latch ULA:ULA1|temp[4] has unsafe behavior
    Warning (13013): Ports D and ENA on the latch are fed by the same signal ULA_ctrl[2]
Warning (13012): Latch ULA:ULA1|temp[5] has unsafe behavior
    Warning (13013): Ports D and ENA on the latch are fed by the same signal ULA_ctrl[2]
Warning (13012): Latch ULA:ULA1|temp[6] has unsafe behavior
    Warning (13013): Ports D and ENA on the latch are fed by the same signal ULA_ctrl[2]
Warning (13012): Latch ULA:ULA1|temp[7] has unsafe behavior
    Warning (13013): Ports D and ENA on the latch are fed by the same signal ULA_ctrl[2]
Info (286030): Timing-Driven Synthesis is running
Info (16010): Generating hard_block partition "hard_block:auto_generated_inst"
    Info (16011): Adding 0 node(s), including 0 DDIO, 0 PLL, 0 transceiver and 0 LCELL
Info (21057): Implemented 363 device resources after synthesis - the final resource count might be different
    Info (21058): Implemented 25 input pins
    Info (21059): Implemented 42 output pins
    Info (21061): Implemented 280 logic cells
    Info (21064): Implemented 16 RAM segments
Info: Quartus II 32-bit Analysis & Synthesis was successful. 0 errors, 25 warnings
    Info: Peak virtual memory: 363 megabytes
    Info: Processing ended: Mon Sep 09 22:14:46 2013
    Info: Elapsed time: 00:00:12
    Info: Total CPU time (on all processors): 00:00:10


